<?xml version="1.0" encoding="utf-8"?>
<TestRun id="ea16677e-cc62-4f79-a9ff-9a9a9bd983da" name="micro@PRIMARY 2026-06-14 14:54:31" runUser="PRIMARY\micro" xmlns="http://microsoft.com/schemas/VisualStudio/TeamTest/2010">
  <Times creation="2026-06-14T14:54:31.5208182-07:00" queuing="2026-06-14T14:54:31.5208186-07:00" start="2026-06-14T14:54:30.9915114-07:00" finish="2026-06-14T14:55:29.3116999-07:00" />
  <TestSettings name="default" id="98598c83-06f7-4e42-8818-0c18bf1836e4">
    <Deployment runDeploymentRoot="micro_PRIMARY_2026-06-14_14_54_31" />
  </TestSettings>
  <Results>
    <UnitTestResult executionId="4ca8f890-de98-4a12-82b4-e4330f12fa55" testId="f6c7d432-a514-e9b2-10b5-b50470f74903" testName="MonitorBrightnessController.Tests.ApplicationInstallerTests.PathNormalization_HandlesVariousCaseFormats(path: &quot;C:\\Program Files\\MonitorBrightnessController\\Mo&quot;···)" computerName="PRIMARY" duration="00:00:00.0000080" startTime="2026-06-14T14:54:31.5047233-07:00" endTime="2026-06-14T14:54:31.5047234-07:00" testType="13cdc9d9-ddb5-4fa4-a97d-d965ccfc6d4b" outcome="Passed" testListId="8c84fa94-04c1-424b-9868-57a2d4851a1d" relativeResultsDirectory="4ca8f890-de98-4a12-82b4-e4330f12fa55" />
    <UnitTestResult executionId="a1f96e80-6d07-410e-b550-1b4251968597" testId="6b8e0acf-2b87-638f-bfe2-e4887fe27c6b" testName="MonitorBrightnessController.Tests.Properties.StartupProfileDropdownSelectionProperties.SelectedStartupProfile_ResolvesToNone_WhenDefaultIsNullOrNonMatching" computerName="PRIMARY" duration="00:00:00.1499954" startTime="2026-06-14T14:54:31.6433445-07:00" endTime="2026-06-14T14:54:31.6433445-07:00" testType="13cdc9d9-ddb5-4fa4-a97d-d965ccfc6d4b" outcome="Passed" testListId="8c84fa94-04c1-424b-9868-57a2d4851a1d" relativeResultsDirectory="a1f96e80-6d07-410e-b550-1b4251968597">
      <Output>
        <StdOut>Ok, passed 100 tests.</StdOut>
      </Output>
    </UnitTestResult>
    <UnitTestResult executionId="3cae29cb-18d6-43ab-9bc6-1393bda921e4" testId="d65c2ff9-a90c-abf8-e5eb-448b5b538f6a" testName="MonitorBrightnessController.Tests.ProfileNameValidationTests.IsValidProfileName_RejectsInvalidExamples(name: null)" computerName="PRIMARY" duration="00:00:00.0000041" startTime="2026-06-14T14:54:31.5051492-07:00" endTime="2026-06-14T14:54:31.5051493-07:00" testType="13cdc9d9-ddb5-4fa4-a97d-d965ccfc6d4b" outcome="Passed" testListId="8c84fa94-04c1-424b-9868-57a2d4851a1d" relativeResultsDirectory="3cae29cb-18d6-43ab-9bc6-1393bda921e4" />
    <UnitTestResult executionId="5ae4d01c-60fe-44f5-896b-6ea8fa2662bb" testId="ffd2ea75-0cb2-c911-cfe7-d86ead181dfd" testName="MonitorBrightnessController.Tests.ProfileCountLimitTests.ProfileCount_EnforcesLimit" computerName="PRIMARY" duration="00:00:00.0155255" startTime="2026-06-14T14:54:31.6414666-07:00" endTime="2026-06-14T14:54:31.6414666-07:00" testType="13cdc9d9-ddb5-4fa4-a97d-d965ccfc6d4b" outcome="Passed" testListId="8c84fa94-04c1-424b-9868-57a2d4851a1d" relativeResultsDirectory="5ae4d01c-60fe-44f5-896b-6ea8fa2662bb">
      <Output>
        <StdOut>Ok, passed 100 tests.</StdOut>
      </Output>
    </UnitTestResult>
    <UnitTestResult executionId="d0e19715-23a3-40b6-8677-fbcc028f43aa" testId="46e60e0c-aca2-b00e-6453-5b1568ee53fd" testName="MonitorBrightnessController.Tests.CliPartialFailureTests.PartialFailure_AllSucceed_ReturnsZero" computerName="PRIMARY" duration="00:00:00.0019760" startTime="2026-06-14T14:54:31.6528649-07:00" endTime="2026-06-14T14:54:31.6528649-07:00" testType="13cdc9d9-ddb5-4fa4-a97d-d965ccfc6d4b" outcome="Passed" testListId="8c84fa94-04c1-424b-9868-57a2d4851a1d" relativeResultsDirectory="d0e19715-23a3-40b6-8677-fbcc028f43aa" />
    <UnitTestResult executionId="9e2c1025-7781-4313-aee2-d6f5d5389105" testId="5798bd37-e334-6c6f-7c05-d1799b1241b4" testName="MonitorBrightnessController.Tests.ProfileGammaDeserializationTests.LegacyProfile_WithoutGammaProperty_DeserializesAsNullGammaMap" computerName="PRIMARY" duration="00:00:00.0012550" startTime="2026-06-14T14:54:31.5185075-07:00" endTime="2026-06-14T14:54:31.5185077-07:00" testType="13cdc9d9-ddb5-4fa4-a97d-d965ccfc6d4b" outcome="Passed" testListId="8c84fa94-04c1-424b-9868-57a2d4851a1d" relativeResultsDirectory="9e2c1025-7781-4313-aee2-d6f5d5389105" />
    <UnitTestResult executionId="2e855e6b-ccd3-483d-9009-2df6d34eda88" testId="7071dce8-d3a7-5d76-f1bb-ce1db4eaddb1" testName="MonitorBrightnessController.Tests.MonitorIdentifierResolutionTests.MonitorLookup_IsCaseInsensitive" computerName="PRIMARY" duration="00:00:00.1301083" startTime="2026-06-14T14:54:31.6414125-07:00" endTime="2026-06-14T14:54:31.6414125-07:00" testType="13cdc9d9-ddb5-4fa4-a97d-d965ccfc6d4b" outcome="Passed" testListId="8c84fa94-04c1-424b-9868-57a2d4851a1d" relativeResultsDirectory="2e855e6b-ccd3-483d-9009-2df6d34eda88">
      <Output>
        <StdOut>Ok, passed 100 tests.</StdOut>
      </Output>
    </UnitTestResult>
    <UnitTestResult executionId="7d76e20e-8a1b-46b9-90c9-87e2d5fb52f2" testId="919df1d9-ff01-a7d6-3c98-c9fc4872c88a" testName="MonitorBrightnessController.Tests.BrightnessValidationTests.TryParseBrightness_AcceptsValidExamples(input: &quot;  42  &quot;, expected: 42)" computerName="PRIMARY" duration="00:00:00.0000101" startTime="2026-06-14T14:54:31.5079199-07:00" endTime="2026-06-14T14:54:31.5079200-07:00" testType="13cdc9d9-ddb5-4fa4-a97d-d965ccfc6d4b" outcome="Passed" testListId="8c84fa94-04c1-424b-9868-57a2d4851a1d" relativeResultsDirectory="7d76e20e-8a1b-46b9-90c9-87e2d5fb52f2" />
    <UnitTestResult executionId="69f8cd48-0206-468e-9324-a8e258e3cc92" testId="d55b3034-df84-1335-f45b-76cc137ffa2e" testName="MonitorBrightnessController.Tests.ProfileNameValidationTests.IsValidProfileName_AcceptsValidExamples(name: &quot;A&quot;)" computerName="PRIMARY" duration="00:00:00.0000803" startTime="2026-06-14T14:54:31.5067906-07:00" endTime="2026-06-14T14:54:31.5067906-07:00" testType="13cdc9d9-ddb5-4fa4-a97d-d965ccfc6d4b" outcome="Passed" testListId="8c84fa94-04c1-424b-9868-57a2d4851a1d" relativeResultsDirectory="69f8cd48-0206-468e-9324-a8e258e3cc92" />
    <UnitTestResult executionId="f0509caa-0151-4a83-b17e-b2fd59479ac0" testId="c8d0202d-3900-75f4-e577-9cdbd1139f2b" testName="MonitorBrightnessController.Tests.SettingsSerializationTests.Settings_RoundTrips_ConcreteExample" computerName="PRIMARY" duration="00:00:00.0673913" startTime="2026-06-14T14:54:31.5321780-07:00" endTime="2026-06-14T14:54:31.5321782-07:00" testType="13cdc9d9-ddb5-4fa4-a97d-d965ccfc6d4b" outcome="Passed" testListId="8c84fa94-04c1-424b-9868-57a2d4851a1d" relativeResultsDirectory="f0509caa-0151-4a83-b17e-b2fd59479ac0" />
    <UnitTestResult executionId="8da1c0ae-3a55-4207-a074-f9dc0ba16f5c" testId="7b654dbe-d51c-aae4-4c0a-679120e1ec91" testName="MonitorBrightnessController.Tests.ApplicationInstallerTests.PathNormalization_HandlesTrailingSlashVariations(dirPath: &quot;C:\\Program Files\\MonitorBrightnessController\\&quot;)" computerName="PRIMARY" duration="00:00:00.0004700" startTime="2026-06-14T14:54:31.5090668-07:00" endTime="2026-06-14T14:54:31.5090668-07:00" testType="13cdc9d9-ddb5-4fa4-a97d-d965ccfc6d4b" outcome="Passed" testListId="8c84fa94-04c1-424b-9868-57a2d4851a1d" relativeResultsDirectory="8da1c0ae-3a55-4207-a074-f9dc0ba16f5c" />
    <UnitTestResult executionId="956f0d07-dcdf-4b35-8431-6d56e570c401" testId="8ecf4ae2-136c-54fc-a714-060a9d8c0847" testName="MonitorBrightnessController.Tests.Properties.CliParsingProperties.CliParsing_MonitorWithoutSetting_IsParseError" computerName="PRIMARY" duration="00:00:00.0007887" startTime="2026-06-14T14:54:31.6816670-07:00" endTime="2026-06-14T14:54:31.6816671-07:00" testType="13cdc9d9-ddb5-4fa4-a97d-d965ccfc6d4b" outcome="Passed" testListId="8c84fa94-04c1-424b-9868-57a2d4851a1d" relativeResultsDirectory="956f0d07-dcdf-4b35-8431-6d56e570c401">
      <Output>
        <StdOut>Ok, passed 100 tests.</StdOut>
      </Output>
    </UnitTestResult>
    <UnitTestResult executionId="8f45583b-4563-4910-afe8-8d0a740d8a59" testId="f2416e13-e75e-a9a1-e788-423f17126b0f" testName="MonitorBrightnessController.Tests.Properties.TransitionProperties.TransitionCancellation_ReturnsLastAppliedValue" computerName="PRIMARY" duration="00:00:33.2641702" startTime="2026-06-14T14:55:29.2475635-07:00" endTime="2026-06-14T14:55:29.2475637-07:00" testType="13cdc9d9-ddb5-4fa4-a97d-d965ccfc6d4b" outcome="Passed" testListId="8c84fa94-04c1-424b-9868-57a2d4851a1d" relativeResultsDirectory="8f45583b-4563-4910-afe8-8d0a740d8a59">
      <Output>
        <StdOut>Ok, passed 100 tests.</StdOut>
      </Output>
    </UnitTestResult>
    <UnitTestResult executionId="a6c32357-15fd-410c-949c-9dfe162d9645" testId="4b77b039-5624-fe1f-7575-4ff0b28cd30b" testName="MonitorBrightnessController.Tests.StartupBehaviorTests.Run_StartWithWindowsEnabled_CallsEnsureRegistration" computerName="PRIMARY" duration="00:00:00.0024074" startTime="2026-06-14T14:54:31.5726973-07:00" endTime="2026-06-14T14:54:31.5726974-07:00" testType="13cdc9d9-ddb5-4fa4-a97d-d965ccfc6d4b" outcome="Passed" testListId="8c84fa94-04c1-424b-9868-57a2d4851a1d" relativeResultsDirectory="a6c32357-15fd-410c-949c-9dfe162d9645" />
    <UnitTestResult executionId="148abce2-bd52-40a5-80d0-ef4f908de10f" testId="dc6bca11-8505-5c47-7aaa-c5089856933a" testName="MonitorBrightnessController.Tests.ProfileNameUniquenessTests.ProfileName_UniqueCaseInsensitive_ConcreteExample" computerName="PRIMARY" duration="00:00:00.0017583" startTime="2026-06-14T14:54:31.5095125-07:00" endTime="2026-06-14T14:54:31.5095125-07:00" testType="13cdc9d9-ddb5-4fa4-a97d-d965ccfc6d4b" outcome="Passed" testListId="8c84fa94-04c1-424b-9868-57a2d4851a1d" relativeResultsDirectory="148abce2-bd52-40a5-80d0-ef4f908de10f" />
    <UnitTestResult executionId="db8de0b8-e1fe-4cea-9f33-26aca29aad25" testId="c2c4b961-d750-4459-589f-42bcadf0f6a1" testName="MonitorBrightnessController.Tests.ProfileGammaDeserializationTests.AppSettings_WithLegacyProfile_RoundTripsCorrectly" computerName="PRIMARY" duration="00:00:00.0523966" startTime="2026-06-14T14:54:31.5171812-07:00" endTime="2026-06-14T14:54:31.5171816-07:00" testType="13cdc9d9-ddb5-4fa4-a97d-d965ccfc6d4b" outcome="Passed" testListId="8c84fa94-04c1-424b-9868-57a2d4851a1d" relativeResultsDirectory="db8de0b8-e1fe-4cea-9f33-26aca29aad25" />
    <UnitTestResult executionId="76694ad9-a2c2-4c94-a6ad-1368c6262466" testId="44a8c9c7-435a-5788-7a81-fc002cfe709b" testName="MonitorBrightnessController.Tests.ApplicationInstallerTests.IsInstalledInProgramFiles_ProcessPath_IsValid" computerName="PRIMARY" duration="00:00:00.0000522" startTime="2026-06-14T14:54:31.5094448-07:00" endTime="2026-06-14T14:54:31.5094449-07:00" testType="13cdc9d9-ddb5-4fa4-a97d-d965ccfc6d4b" outcome="Passed" testListId="8c84fa94-04c1-424b-9868-57a2d4851a1d" relativeResultsDirectory="76694ad9-a2c2-4c94-a6ad-1368c6262466" />
    <UnitTestResult executionId="edf3a68c-6046-4bc9-afcd-14a78b0f9b48" testId="5e1d4600-b66c-1325-3510-3e321c6960f5" testName="MonitorBrightnessController.Tests.StartupProfileDropdownTests.NonExistentDefaultProfile_ResolvesToNone" computerName="PRIMARY" duration="00:00:00.0002882" startTime="2026-06-14T14:54:31.5687929-07:00" endTime="2026-06-14T14:54:31.5687929-07:00" testType="13cdc9d9-ddb5-4fa4-a97d-d965ccfc6d4b" outcome="Passed" testListId="8c84fa94-04c1-424b-9868-57a2d4851a1d" relativeResultsDirectory="edf3a68c-6046-4bc9-afcd-14a78b0f9b48" />
    <UnitTestResult executionId="0f9a0c20-2ac3-4719-8bd5-62742a155a13" testId="1831340d-ee2d-132c-c028-8f09816dd308" testName="MonitorBrightnessController.Tests.ProfileNameValidationTests.IsValidProfileName_EnforcesLengthBoundaries" computerName="PRIMARY" duration="00:00:00.0001465" startTime="2026-06-14T14:54:31.5076549-07:00" endTime="2026-06-14T14:54:31.5076550-07:00" testType="13cdc9d9-ddb5-4fa4-a97d-d965ccfc6d4b" outcome="Passed" testListId="8c84fa94-04c1-424b-9868-57a2d4851a1d" relativeResultsDirectory="0f9a0c20-2ac3-4719-8bd5-62742a155a13" />
    <UnitTestResult executionId="17d7cd9a-619e-40c8-914e-32c056a427f9" testId="9df2b261-571a-e690-fc11-0fc5420e003c" testName="MonitorBrightnessController.Tests.ApplicationInstallerTests.PathNormalization_HandlesTrailingSlashVariations(dirPath: &quot;C:\\Program Files\\MonitorBrightnessController&quot;)" computerName="PRIMARY" duration="00:00:00.0001426" startTime="2026-06-14T14:54:31.5090808-07:00" endTime="2026-06-14T14:54:31.5090809-07:00" testType="13cdc9d9-ddb5-4fa4-a97d-d965ccfc6d4b" outcome="Passed" testListId="8c84fa94-04c1-424b-9868-57a2d4851a1d" relativeResultsDirectory="17d7cd9a-619e-40c8-914e-32c056a427f9" />
    <UnitTestResult executionId="880f650e-68ca-4478-815a-2814fb68bd69" testId="58e7e5f2-ec97-6911-5266-dc51a8919509" testName="MonitorBrightnessController.Tests.StartupBehaviorTests.Decide_EnabledAndProfileExists_AppliesProfile" computerName="PRIMARY" duration="00:00:00.0021372" startTime="2026-06-14T14:54:31.5778574-07:00" endTime="2026-06-14T14:54:31.5778578-07:00" testType="13cdc9d9-ddb5-4fa4-a97d-d965ccfc6d4b" outcome="Passed" testListId="8c84fa94-04c1-424b-9868-57a2d4851a1d" relativeResultsDirectory="880f650e-68ca-4478-815a-2814fb68bd69" />
    <UnitTestResult executionId="2020c4d2-7232-4b21-82b0-8d2ba8eb4b12" testId="bacd1e7c-5ebe-34ea-0e84-6019785af0c8" testName="MonitorBrightnessController.Tests.ProfileApplySkipsDisconnectedTests.ProfileApply_SkipsDisconnected" computerName="PRIMARY" duration="00:00:00.1164686" startTime="2026-06-14T14:54:31.6492548-07:00" endTime="2026-06-14T14:54:31.6492548-07:00" testType="13cdc9d9-ddb5-4fa4-a97d-d965ccfc6d4b" outcome="Passed" testListId="8c84fa94-04c1-424b-9868-57a2d4851a1d" relativeResultsDirectory="2020c4d2-7232-4b21-82b0-8d2ba8eb4b12">
      <Output>
        <StdOut>Ok, passed 100 tests.</StdOut>
      </Output>
    </UnitTestResult>
    <UnitTestResult executionId="ae55a2c2-f558-473a-b961-3189ad5ce733" testId="e8b74bfb-4a66-7262-ef43-406ee71bbded" testName="MonitorBrightnessController.Tests.BrightnessSyncTests.BrightnessSync_IsBidirectional_PureLogic" computerName="PRIMARY" duration="00:00:00.0099954" startTime="2026-06-14T14:54:31.6528404-07:00" endTime="2026-06-14T14:54:31.6528405-07:00" testType="13cdc9d9-ddb5-4fa4-a97d-d965ccfc6d4b" outcome="Passed" testListId="8c84fa94-04c1-424b-9868-57a2d4851a1d" relativeResultsDirectory="ae55a2c2-f558-473a-b961-3189ad5ce733">
      <Output>
        <StdOut>Ok, passed 100 tests.</StdOut>
      </Output>
    </UnitTestResult>
    <UnitTestResult executionId="16e7ee30-36cd-4668-93b4-197a3a7a10b2" testId="2f62ac04-9b3a-16f1-7203-6f0e8b188bc3" testName="MonitorBrightnessController.Tests.DdcSupportFilteringTests.DdcFilter_ExcludesUnsupported_ConcreteExample" computerName="PRIMARY" duration="00:00:00.0543232" startTime="2026-06-14T14:54:31.6967632-07:00" endTime="2026-06-14T14:54:31.6967634-07:00" testType="13cdc9d9-ddb5-4fa4-a97d-d965ccfc6d4b" outcome="Passed" testListId="8c84fa94-04c1-424b-9868-57a2d4851a1d" relativeResultsDirectory="16e7ee30-36cd-4668-93b4-197a3a7a10b2" />
    <UnitTestResult executionId="878957c0-fa88-4f5c-a3b0-0ad0ef5153a3" testId="88ce8ba7-e3fb-3821-fac2-77077f3f942c" testName="MonitorBrightnessController.Tests.ProfileNameValidationTests.IsValidProfileName_RejectsInvalidExamples(name: &quot;&quot;)" computerName="PRIMARY" duration="00:00:00.0000039" startTime="2026-06-14T14:54:31.5052212-07:00" endTime="2026-06-14T14:54:31.5052212-07:00" testType="13cdc9d9-ddb5-4fa4-a97d-d965ccfc6d4b" outcome="Passed" testListId="8c84fa94-04c1-424b-9868-57a2d4851a1d" relativeResultsDirectory="878957c0-fa88-4f5c-a3b0-0ad0ef5153a3" />
    <UnitTestResult executionId="5ce34738-0f61-46e0-bbcb-27b8d6ebfa5f" testId="deb5b5eb-7a77-eefe-a0b0-fad64b86989c" testName="MonitorBrightnessController.Tests.BrightnessValidationTests.TryParseBrightness_RejectsInvalidExamples(input: &quot;0x10&quot;)" computerName="PRIMARY" duration="00:00:00.0151598" startTime="2026-06-14T14:54:31.4913629-07:00" endTime="2026-06-14T14:54:31.4913630-07:00" testType="13cdc9d9-ddb5-4fa4-a97d-d965ccfc6d4b" outcome="Passed" testListId="8c84fa94-04c1-424b-9868-57a2d4851a1d" relativeResultsDirectory="5ce34738-0f61-46e0-bbcb-27b8d6ebfa5f" />
    <UnitTestResult executionId="84006ced-d848-4422-8762-554bee44e84c" testId="8de79da1-a407-ab61-d628-bdfe40797db5" testName="MonitorBrightnessController.Tests.MonitorNameFallbackTests.MonitorName_FallsBack_ConcreteExamples(index: 42, rawName: &quot;\t\n&quot;)" computerName="PRIMARY" duration="00:00:00.0000049" startTime="2026-06-14T14:54:31.5023227-07:00" endTime="2026-06-14T14:54:31.5023227-07:00" testType="13cdc9d9-ddb5-4fa4-a97d-d965ccfc6d4b" outcome="Passed" testListId="8c84fa94-04c1-424b-9868-57a2d4851a1d" relativeResultsDirectory="84006ced-d848-4422-8762-554bee44e84c" />
    <UnitTestResult executionId="879c1064-9e45-41cb-8e56-103d9b393c62" testId="2096c2ad-2618-d968-4b35-8ecb29a5f0c3" testName="MonitorBrightnessController.Tests.ScaffoldingTests.TestHarness_Runs" computerName="PRIMARY" duration="00:00:00.0152181" startTime="2026-06-14T14:54:31.4913515-07:00" endTime="2026-06-14T14:54:31.4913515-07:00" testType="13cdc9d9-ddb5-4fa4-a97d-d965ccfc6d4b" outcome="Passed" testListId="8c84fa94-04c1-424b-9868-57a2d4851a1d" relativeResultsDirectory="879c1064-9e45-41cb-8e56-103d9b393c62" />
    <UnitTestResult executionId="b97bba3b-b606-4e3a-bddc-f34adde9d5e2" testId="397154a1-5e8c-eb43-8d41-1cc244084879" testName="MonitorBrightnessController.Tests.StartupProfileDropdownTests.NotifyProfileCreated_RefreshesDropdownList" computerName="PRIMARY" duration="00:00:00.0036140" startTime="2026-06-14T14:54:31.5726477-07:00" endTime="2026-06-14T14:54:31.5726480-07:00" testType="13cdc9d9-ddb5-4fa4-a97d-d965ccfc6d4b" outcome="Passed" testListId="8c84fa94-04c1-424b-9868-57a2d4851a1d" relativeResultsDirectory="b97bba3b-b606-4e3a-bddc-f34adde9d5e2" />
    <UnitTestResult executionId="9be1750b-b69f-46ad-9f8a-fbdd858218e9" testId="a0f44ceb-fae2-1eed-78b5-4892864117b6" testName="MonitorBrightnessController.Tests.StartupBehaviorTests.Run_DefaultProfileMissing_ReturnsNoticeWithProfileName" computerName="PRIMARY" duration="00:00:00.0005626" startTime="2026-06-14T14:54:31.5854197-07:00" endTime="2026-06-14T14:54:31.5854197-07:00" testType="13cdc9d9-ddb5-4fa4-a97d-d965ccfc6d4b" outcome="Passed" testListId="8c84fa94-04c1-424b-9868-57a2d4851a1d" relativeResultsDirectory="9be1750b-b69f-46ad-9f8a-fbdd858218e9" />
    <UnitTestResult executionId="77b296d4-2fc3-4b7b-a426-d67d48a7e603" testId="2cc700b0-4455-e1d7-7678-3ac5cce7edd6" testName="MonitorBrightnessController.Tests.MonitorNameFallbackTests.MonitorName_PreservesName_ConcreteExamples(index: 7, rawName: &quot;LG-32UN880&quot;)" computerName="PRIMARY" duration="00:00:00.0000906" startTime="2026-06-14T14:54:31.5066971-07:00" endTime="2026-06-14T14:54:31.5066971-07:00" testType="13cdc9d9-ddb5-4fa4-a97d-d965ccfc6d4b" outcome="Passed" testListId="8c84fa94-04c1-424b-9868-57a2d4851a1d" relativeResultsDirectory="77b296d4-2fc3-4b7b-a426-d67d48a7e603" />
    <UnitTestResult executionId="7cd24ea7-99e6-48c0-bb57-a91c1e2f347d" testId="4209a4f9-a51f-d912-01cc-8ceb628c64d6" testName="MonitorBrightnessController.Tests.StartupRegistrationTests.EnsureRegistration_WhenDisabled_ReturnsSuccessWithoutTouchingRegistry" computerName="PRIMARY" duration="00:00:00.0007058" startTime="2026-06-14T14:54:31.5689943-07:00" endTime="2026-06-14T14:54:31.5689944-07:00" testType="13cdc9d9-ddb5-4fa4-a97d-d965ccfc6d4b" outcome="Passed" testListId="8c84fa94-04c1-424b-9868-57a2d4851a1d" relativeResultsDirectory="7cd24ea7-99e6-48c0-bb57-a91c1e2f347d" />
    <UnitTestResult executionId="47907745-5017-4fba-8871-4a6a52a227b6" testId="5c66e5ec-d23a-020f-f167-c9e6a2d896c3" testName="MonitorBrightnessController.Tests.StartupProfileDropdownTests.ProfileDeletion_WhenDefault_ResetsSelectionToNone" computerName="PRIMARY" duration="00:00:00.0932000" startTime="2026-06-14T14:54:31.5580473-07:00" endTime="2026-06-14T14:54:31.5580474-07:00" testType="13cdc9d9-ddb5-4fa4-a97d-d965ccfc6d4b" outcome="Passed" testListId="8c84fa94-04c1-424b-9868-57a2d4851a1d" relativeResultsDirectory="47907745-5017-4fba-8871-4a6a52a227b6" />
    <UnitTestResult executionId="506ceef0-0f64-40d9-b7ad-b9c19b79d385" testId="e9a8877b-e3d3-05c8-9d9b-fd35059e1a57" testName="MonitorBrightnessController.Tests.SettingsSerializationTests.Settings_RoundTrips" computerName="PRIMARY" duration="00:00:00.2441144" startTime="2026-06-14T14:54:31.7766698-07:00" endTime="2026-06-14T14:54:31.7766701-07:00" testType="13cdc9d9-ddb5-4fa4-a97d-d965ccfc6d4b" outcome="Passed" testListId="8c84fa94-04c1-424b-9868-57a2d4851a1d" relativeResultsDirectory="506ceef0-0f64-40d9-b7ad-b9c19b79d385">
      <Output>
        <StdOut>Ok, passed 100 tests.</StdOut>
      </Output>
    </UnitTestResult>
    <UnitTestResult executionId="e283bca5-291f-4492-acb1-83d67ba665b4" testId="3757e7aa-3fbf-ba84-4219-f480b093f872" testName="MonitorBrightnessController.Tests.SettingsStoreGammaTests.Load_GammaValueAbove100_SetsGammaMapToNull" computerName="PRIMARY" duration="00:00:00.0027855" startTime="2026-06-14T14:54:31.5322287-07:00" endTime="2026-06-14T14:54:31.5322287-07:00" testType="13cdc9d9-ddb5-4fa4-a97d-d965ccfc6d4b" outcome="Passed" testListId="8c84fa94-04c1-424b-9868-57a2d4851a1d" relativeResultsDirectory="e283bca5-291f-4492-acb1-83d67ba665b4" />
    <UnitTestResult executionId="d9741590-dfab-459d-abfe-cbf67375d929" testId="366a35ec-3d33-8f73-fc21-c9120cd932ff" testName="MonitorBrightnessController.Tests.ProfileGammaDeserializationTests.ProfileWithGammaMap_SerializesAndDeserializesCorrectly" computerName="PRIMARY" duration="00:00:00.0132490" startTime="2026-06-14T14:54:31.5323854-07:00" endTime="2026-06-14T14:54:31.5323855-07:00" testType="13cdc9d9-ddb5-4fa4-a97d-d965ccfc6d4b" outcome="Passed" testListId="8c84fa94-04c1-424b-9868-57a2d4851a1d" relativeResultsDirectory="d9741590-dfab-459d-abfe-cbf67375d929" />
    <UnitTestResult executionId="aadafa88-294d-4de9-b93c-59a6736f34d4" testId="e82c5c4c-6a7a-3adb-89e9-4ea2fe17d514" testName="MonitorBrightnessController.Tests.Properties.GammaValidationProperties.NonExistentMonitorIndex_ReturnsFailureWithoutDdcCiCall" computerName="PRIMARY" duration="00:00:00.0206018" startTime="2026-06-14T14:54:31.6631783-07:00" endTime="2026-06-14T14:54:31.6631785-07:00" testType="13cdc9d9-ddb5-4fa4-a97d-d965ccfc6d4b" outcome="Passed" testListId="8c84fa94-04c1-424b-9868-57a2d4851a1d" relativeResultsDirectory="aadafa88-294d-4de9-b93c-59a6736f34d4">
      <Output>
        <StdOut>Ok, passed 100 tests.</StdOut>
      </Output>
    </UnitTestResult>
    <UnitTestResult executionId="61d47ad8-ae57-43a1-aece-db29d7ea00f6" testId="15b46848-dfda-39b6-263e-98d857473bb5" testName="MonitorBrightnessController.Tests.CliArgumentParsingTests.CliParsing_PreservesAllPairs" computerName="PRIMARY" duration="00:00:00.1283533" startTime="2026-06-14T14:54:31.6433522-07:00" endTime="2026-06-14T14:54:31.6433522-07:00" testType="13cdc9d9-ddb5-4fa4-a97d-d965ccfc6d4b" outcome="Passed" testListId="8c84fa94-04c1-424b-9868-57a2d4851a1d" relativeResultsDirectory="61d47ad8-ae57-43a1-aece-db29d7ea00f6">
      <Output>
        <StdOut>Ok, passed 100 tests.</StdOut>
      </Output>
    </UnitTestResult>
    <UnitTestResult executionId="2b5a0bba-9674-4da2-b80b-9b7a5e84abe2" testId="888481e7-64c3-dbfd-65ba-87aed4333a47" testName="MonitorBrightnessController.Tests.StartupRegistrationTests.SetStartWithWindows_Disable_WhenRegistryKeyCannotBeOpened_ReturnsFailure" computerName="PRIMARY" duration="00:00:00.0002103" startTime="2026-06-14T14:54:31.5692961-07:00" endTime="2026-06-14T14:54:31.5692962-07:00" testType="13cdc9d9-ddb5-4fa4-a97d-d965ccfc6d4b" outcome="Passed" testListId="8c84fa94-04c1-424b-9868-57a2d4851a1d" relativeResultsDirectory="2b5a0bba-9674-4da2-b80b-9b7a5e84abe2" />
    <UnitTestResult executionId="1d70409a-42fa-4f85-aa9d-04e47eab4ffe" testId="5b03049f-c596-651a-59f9-b0eee5d3a0bb" testName="MonitorBrightnessController.Tests.ProfileNameValidationTests.IsValidProfileName_RejectsInvalidExamples(name: &quot;has space&quot;)" computerName="PRIMARY" duration="00:00:00.0000094" startTime="2026-06-14T14:54:31.5022555-07:00" endTime="2026-06-14T14:54:31.5022555-07:00" testType="13cdc9d9-ddb5-4fa4-a97d-d965ccfc6d4b" outcome="Passed" testListId="8c84fa94-04c1-424b-9868-57a2d4851a1d" relativeResultsDirectory="1d70409a-42fa-4f85-aa9d-04e47eab4ffe" />
    <UnitTestResult executionId="8da267af-5dc7-45ca-bc20-d3cfeb2c9988" testId="c93bb8f7-426e-96cd-b592-3d57c9be349a" testName="MonitorBrightnessController.Tests.Properties.GammaNormalizationProperties.GammaNormalization_AlwaysProducesValidPercentage" computerName="PRIMARY" duration="00:00:00.1330931" startTime="2026-06-14T14:54:31.6433757-07:00" endTime="2026-06-14T14:54:31.6433757-07:00" testType="13cdc9d9-ddb5-4fa4-a97d-d965ccfc6d4b" outcome="Passed" testListId="8c84fa94-04c1-424b-9868-57a2d4851a1d" relativeResultsDirectory="8da267af-5dc7-45ca-bc20-d3cfeb2c9988">
      <Output>
        <StdOut>Ok, passed 100 tests.</StdOut>
      </Output>
    </UnitTestResult>
    <UnitTestResult executionId="d9ad1823-eb10-4f68-b369-8464deb419bd" testId="73babe1c-a7cc-d69c-7533-5ca2e91d858f" testName="MonitorBrightnessController.Tests.StartupProfileDropdownTests.SelectingNone_SetsDefaultStartupProfileNameToNull" computerName="PRIMARY" duration="00:00:00.0094631" startTime="2026-06-14T14:54:31.5675336-07:00" endTime="2026-06-14T14:54:31.5675336-07:00" testType="13cdc9d9-ddb5-4fa4-a97d-d965ccfc6d4b" outcome="Passed" testListId="8c84fa94-04c1-424b-9868-57a2d4851a1d" relativeResultsDirectory="d9ad1823-eb10-4f68-b369-8464deb419bd" />
    <UnitTestResult executionId="1463b8d6-629d-461c-ac80-271fc9984a18" testId="ac6667d7-6d3c-8333-b457-e68ac5b9fe7c" testName="MonitorBrightnessController.Tests.StartupRegistrationTests.IsRegistered_WhenOpenSubKeyReturnsNull_ReturnsFalse" computerName="PRIMARY" duration="00:00:00.0867346" startTime="2026-06-14T14:54:31.5488012-07:00" endTime="2026-06-14T14:54:31.5488015-07:00" testType="13cdc9d9-ddb5-4fa4-a97d-d965ccfc6d4b" outcome="Passed" testListId="8c84fa94-04c1-424b-9868-57a2d4851a1d" relativeResultsDirectory="1463b8d6-629d-461c-ac80-271fc9984a18" />
    <UnitTestResult executionId="3628e01a-107f-4ca0-9761-0082fdfd656e" testId="a51bee20-a3a6-2976-efac-b125caf8b02a" testName="MonitorBrightnessController.Tests.SettingsStoreGammaTests.Load_BoundaryGammaValues_ArePreserved" computerName="PRIMARY" duration="00:00:00.0038669" startTime="2026-06-14T14:54:31.5362456-07:00" endTime="2026-06-14T14:54:31.5362458-07:00" testType="13cdc9d9-ddb5-4fa4-a97d-d965ccfc6d4b" outcome="Passed" testListId="8c84fa94-04c1-424b-9868-57a2d4851a1d" relativeResultsDirectory="3628e01a-107f-4ca0-9761-0082fdfd656e" />
    <UnitTestResult executionId="8b9d8440-52bb-4557-9483-bf17b74ff2f4" testId="a36dac43-474d-abf5-6c84-a2759b5dc85b" testName="MonitorBrightnessController.Tests.SettingsStoreGammaTests.Load_MixedProfiles_OnlyInvalidGammaProfileIsNulled" computerName="PRIMARY" duration="00:00:00.0058640" startTime="2026-06-14T14:54:31.5293045-07:00" endTime="2026-06-14T14:54:31.5293049-07:00" testType="13cdc9d9-ddb5-4fa4-a97d-d965ccfc6d4b" outcome="Passed" testListId="8c84fa94-04c1-424b-9868-57a2d4851a1d" relativeResultsDirectory="8b9d8440-52bb-4557-9483-bf17b74ff2f4" />
    <UnitTestResult executionId="5c1c6af2-6f7b-46f0-abfe-27060a1f8938" testId="2d97600f-cc2c-477c-fc06-e6a86aafeee8" testName="MonitorBrightnessController.Tests.ProfileApplySkipsDisconnectedTests.ProfileApply_AllDisconnected_Fails" computerName="PRIMARY" duration="00:00:00.0178342" startTime="2026-06-14T14:54:31.4899036-07:00" endTime="2026-06-14T14:54:31.4899039-07:00" testType="13cdc9d9-ddb5-4fa4-a97d-d965ccfc6d4b" outcome="Passed" testListId="8c84fa94-04c1-424b-9868-57a2d4851a1d" relativeResultsDirectory="5c1c6af2-6f7b-46f0-abfe-27060a1f8938" />
    <UnitTestResult executionId="cfce81e6-1ff5-4e45-af67-c4ed626983c4" testId="da394c11-d0cb-3c66-92b6-cdaa20f3c0b1" testName="MonitorBrightnessController.Tests.StartupBehaviorTests.ViewModel_SeedsToggleFromSettings" computerName="PRIMARY" duration="00:00:00.0002766" startTime="2026-06-14T14:54:31.6020681-07:00" endTime="2026-06-14T14:54:31.6020682-07:00" testType="13cdc9d9-ddb5-4fa4-a97d-d965ccfc6d4b" outcome="Passed" testListId="8c84fa94-04c1-424b-9868-57a2d4851a1d" relativeResultsDirectory="cfce81e6-1ff5-4e45-af67-c4ed626983c4" />
    <UnitTestResult executionId="e11b233a-e0d3-41de-b853-44fc3f6c176b" testId="44ab7271-c93b-f399-000f-0e347ba495fc" testName="MonitorBrightnessController.Tests.ApplicationInstallerTests.InstallToProgramFiles_TargetDirectory_CombinesProgramFilesAndAppFolder" computerName="PRIMARY" duration="00:00:00.0082361" startTime="2026-06-14T14:54:31.5090448-07:00" endTime="2026-06-14T14:54:31.5090449-07:00" testType="13cdc9d9-ddb5-4fa4-a97d-d965ccfc6d4b" outcome="Passed" testListId="8c84fa94-04c1-424b-9868-57a2d4851a1d" relativeResultsDirectory="e11b233a-e0d3-41de-b853-44fc3f6c176b" />
    <UnitTestResult executionId="038fd637-e553-4139-a684-1f6a76039985" testId="d2daaf52-c73d-ca4b-961d-609efc311f9c" testName="MonitorBrightnessController.Tests.Properties.InstallDirectoryDetectionProperties.NonInstallPath_NormalizationDoesNotMatchExpectedPath" computerName="PRIMARY" duration="00:00:00.0028639" startTime="2026-06-14T14:54:31.6523610-07:00" endTime="2026-06-14T14:54:31.6523611-07:00" testType="13cdc9d9-ddb5-4fa4-a97d-d965ccfc6d4b" outcome="Passed" testListId="8c84fa94-04c1-424b-9868-57a2d4851a1d" relativeResultsDirectory="038fd637-e553-4139-a684-1f6a76039985">
      <Output>
        <StdOut>Ok, passed 100 tests.</StdOut>
      </Output>
    </UnitTestResult>
    <UnitTestResult executionId="78bb837c-8840-4cbe-addd-42547e12925b" testId="42f0e8ac-4f24-2e3f-497f-26609feec766" testName="MonitorBrightnessController.Tests.BrightnessValidationTests.TryParseBrightness_AcceptsValidExamples(input: &quot;+7&quot;, expected: 7)" computerName="PRIMARY" duration="00:00:00.0003730" startTime="2026-06-14T14:54:31.5078051-07:00" endTime="2026-06-14T14:54:31.5078053-07:00" testType="13cdc9d9-ddb5-4fa4-a97d-d965ccfc6d4b" outcome="Passed" testListId="8c84fa94-04c1-424b-9868-57a2d4851a1d" relativeResultsDirectory="78bb837c-8840-4cbe-addd-42547e12925b" />
    <UnitTestResult executionId="fafb5b01-a999-420a-95ea-55a9abbb5d96" testId="310bc8d0-2e0d-b6d6-b5e6-2cd73df46570" testName="MonitorBrightnessController.Tests.ApplicationInstallerTests.PathNormalization_HandlesVariousCaseFormats(path: &quot;C:\\PROGRAM FILES\\MonitorBrightnessController\\Mo&quot;···)" computerName="PRIMARY" duration="00:00:00.0152102" startTime="2026-06-14T14:54:31.4896684-07:00" endTime="2026-06-14T14:54:31.4896685-07:00" testType="13cdc9d9-ddb5-4fa4-a97d-d965ccfc6d4b" outcome="Passed" testListId="8c84fa94-04c1-424b-9868-57a2d4851a1d" relativeResultsDirectory="fafb5b01-a999-420a-95ea-55a9abbb5d96" />
    <UnitTestResult executionId="8eda6eb8-21f5-47dd-a8ec-a593dcfdb044" testId="306107d1-98b3-3e48-8067-a7802bcdc657" testName="MonitorBrightnessController.Tests.MonitorNameFallbackTests.MonitorName_PreservesName_ConcreteExamples(index: 1, rawName: &quot;DELL U2723QE&quot;)" computerName="PRIMARY" duration="00:00:00.0000692" startTime="2026-06-14T14:54:31.5052512-07:00" endTime="2026-06-14T14:54:31.5052513-07:00" testType="13cdc9d9-ddb5-4fa4-a97d-d965ccfc6d4b" outcome="Passed" testListId="8c84fa94-04c1-424b-9868-57a2d4851a1d" relativeResultsDirectory="8eda6eb8-21f5-47dd-a8ec-a593dcfdb044" />
    <UnitTestResult executionId="575fee9d-9d52-4db7-9eb4-1dfcd67d48eb" testId="82ec2969-a89a-42dd-52ed-71503cfe11ab" testName="MonitorBrightnessController.Tests.ProfileApplySkipsDisconnectedTests.ProfileApply_SkipsDisconnected_ConcreteExample" computerName="PRIMARY" duration="00:00:00.0489080" startTime="2026-06-14T14:54:31.5322031-07:00" endTime="2026-06-14T14:54:31.5322031-07:00" testType="13cdc9d9-ddb5-4fa4-a97d-d965ccfc6d4b" outcome="Passed" testListId="8c84fa94-04c1-424b-9868-57a2d4851a1d" relativeResultsDirectory="575fee9d-9d52-4db7-9eb4-1dfcd67d48eb" />
    <UnitTestResult executionId="841a7501-8db7-4167-8194-201ca906ae01" testId="e0ec86aa-d571-2913-523e-80d4e7136a22" testName="MonitorBrightnessController.Tests.StartupBehaviorTests.Run_ApplyFailure_ReturnsNotice" computerName="PRIMARY" duration="00:00:00.0057425" startTime="2026-06-14T14:54:31.6102103-07:00" endTime="2026-06-14T14:54:31.6102103-07:00" testType="13cdc9d9-ddb5-4fa4-a97d-d965ccfc6d4b" outcome="Passed" testListId="8c84fa94-04c1-424b-9868-57a2d4851a1d" relativeResultsDirectory="841a7501-8db7-4167-8194-201ca906ae01" />
    <UnitTestResult executionId="13270ae1-9101-457b-9961-d20cc2797f03" testId="25cfb645-a5b9-e21b-3e90-2f2038702a24" testName="MonitorBrightnessController.Tests.Properties.ProfileSerializationProperties.ProfileRoundTrip_PreservesBothMappings" computerName="PRIMARY" duration="00:00:00.0202032" startTime="2026-06-14T14:54:32.6569581-07:00" endTime="2026-06-14T14:54:32.6569583-07:00" testType="13cdc9d9-ddb5-4fa4-a97d-d965ccfc6d4b" outcome="Passed" testListId="8c84fa94-04c1-424b-9868-57a2d4851a1d" relativeResultsDirectory="13270ae1-9101-457b-9961-d20cc2797f03">
      <Output>
        <StdOut>Ok, passed 100 tests.</StdOut>
      </Output>
    </UnitTestResult>
    <UnitTestResult executionId="9ee625ee-c445-4b15-b08a-89b1f4ca68ea" testId="483b05d6-c950-228d-c803-415e5ca97208" testName="MonitorBrightnessController.Tests.StartupBehaviorTests.Run_EnabledButProfileMissing_ReturnsNoticeAndDoesNotApply" computerName="PRIMARY" duration="00:00:00.0116707" startTime="2026-06-14T14:54:31.5688476-07:00" endTime="2026-06-14T14:54:31.5688477-07:00" testType="13cdc9d9-ddb5-4fa4-a97d-d965ccfc6d4b" outcome="Passed" testListId="8c84fa94-04c1-424b-9868-57a2d4851a1d" relativeResultsDirectory="9ee625ee-c445-4b15-b08a-89b1f4ca68ea" />
    <UnitTestResult executionId="c85ab7fa-bd7a-4c2d-a972-27296b07e28c" testId="9dc3bc3a-84fc-71e5-5a29-3551c833add6" testName="MonitorBrightnessController.Tests.Properties.StartupDecisionProperties.SettingsRoundTrip_PreservesDefaultStartupProfileName" computerName="PRIMARY" duration="00:00:00.0089172" startTime="2026-06-14T14:54:31.6505016-07:00" endTime="2026-06-14T14:54:31.6505018-07:00" testType="13cdc9d9-ddb5-4fa4-a97d-d965ccfc6d4b" outcome="Passed" testListId="8c84fa94-04c1-424b-9868-57a2d4851a1d" relativeResultsDirectory="c85ab7fa-bd7a-4c2d-a972-27296b07e28c">
      <Output>
        <StdOut>Ok, passed 100 tests.</StdOut>
      </Output>
    </UnitTestResult>
    <UnitTestResult executionId="6fd74583-0600-4df2-ad88-a4b71228008d" testId="fd9aa7f1-311c-7257-2bc1-c0fbbe0c94cf" testName="MonitorBrightnessController.Tests.Properties.InstallDirectoryDetectionProperties.InstallPathVariations_NormalizeToExpectedPath" computerName="PRIMARY" duration="00:00:00.0072966" startTime="2026-06-14T14:54:31.6492770-07:00" endTime="2026-06-14T14:54:31.6492771-07:00" testType="13cdc9d9-ddb5-4fa4-a97d-d965ccfc6d4b" outcome="Passed" testListId="8c84fa94-04c1-424b-9868-57a2d4851a1d" relativeResultsDirectory="6fd74583-0600-4df2-ad88-a4b71228008d">
      <Output>
        <StdOut>Ok, passed 100 tests.</StdOut>
      </Output>
    </UnitTestResult>
    <UnitTestResult executionId="6537dead-7848-4e1c-b287-6d2ded0de54b" testId="e8b16ab1-2101-a903-5aba-b901a5c8a245" testName="MonitorBrightnessController.Tests.StartupBehaviorTests.Run_DefaultProfileExists_AppliesAndUpdatesLastApplied" computerName="PRIMARY" duration="00:00:00.0014107" startTime="2026-06-14T14:54:31.6094052-07:00" endTime="2026-06-14T14:54:31.6094054-07:00" testType="13cdc9d9-ddb5-4fa4-a97d-d965ccfc6d4b" outcome="Passed" testListId="8c84fa94-04c1-424b-9868-57a2d4851a1d" relativeResultsDirectory="6537dead-7848-4e1c-b287-6d2ded0de54b" />
    <UnitTestResult executionId="c83f63c6-55b4-4568-9ff1-884863d1bb2c" testId="5bb85f74-4fde-f273-8fcf-51477174368b" testName="MonitorBrightnessController.Tests.MonitorNameFallbackTests.MonitorName_FallsBackToMonitorN_ForBlankNames" computerName="PRIMARY" duration="00:00:00.1420256" startTime="2026-06-14T14:54:31.6414808-07:00" endTime="2026-06-14T14:54:31.6414809-07:00" testType="13cdc9d9-ddb5-4fa4-a97d-d965ccfc6d4b" outcome="Passed" testListId="8c84fa94-04c1-424b-9868-57a2d4851a1d" relativeResultsDirectory="c83f63c6-55b4-4568-9ff1-884863d1bb2c">
      <Output>
        <StdOut>Ok, passed 100 tests.</StdOut>
      </Output>
    </UnitTestResult>
    <UnitTestResult executionId="05171e31-37da-46be-856e-0f78abbc6e10" testId="40f17f48-0f8e-efcd-7f4d-b2771584f67d" testName="MonitorBrightnessController.Tests.Properties.StartupProfileDropdownProperties.DefaultProfile_WhenDeleted_BecomesNull" computerName="PRIMARY" duration="00:00:00.1382352" startTime="2026-06-14T14:54:31.6413569-07:00" endTime="2026-06-14T14:54:31.6413571-07:00" testType="13cdc9d9-ddb5-4fa4-a97d-d965ccfc6d4b" outcome="Passed" testListId="8c84fa94-04c1-424b-9868-57a2d4851a1d" relativeResultsDirectory="05171e31-37da-46be-856e-0f78abbc6e10">
      <Output>
        <StdOut>Ok, passed 100 tests.</StdOut>
      </Output>
    </UnitTestResult>
    <UnitTestResult executionId="95fc1eca-5b6a-48c4-8491-0d3f38d100fd" testId="2c527155-8899-8077-b056-e0e2b6a46c9a" testName="MonitorBrightnessController.Tests.BrightnessValidationTests.TryParseBrightness_RejectsInvalidExamples(input: &quot;&quot;)" computerName="PRIMARY" duration="00:00:00.0000056" startTime="2026-06-14T14:54:31.5046986-07:00" endTime="2026-06-14T14:54:31.5046986-07:00" testType="13cdc9d9-ddb5-4fa4-a97d-d965ccfc6d4b" outcome="Passed" testListId="8c84fa94-04c1-424b-9868-57a2d4851a1d" relativeResultsDirectory="95fc1eca-5b6a-48c4-8491-0d3f38d100fd" />
    <UnitTestResult executionId="a095102b-a574-45da-9230-551ac1e62421" testId="31ef976f-a6a5-d831-7960-3aa5c789754e" testName="MonitorBrightnessController.Tests.ProfileNameValidationTests.IsValidProfileName_RejectsInvalidExamples(name: &quot;emoji\ud83d\ude00&quot;)" computerName="PRIMARY" duration="00:00:00.0152707" startTime="2026-06-14T14:54:31.4834758-07:00" endTime="2026-06-14T14:54:31.4834961-07:00" testType="13cdc9d9-ddb5-4fa4-a97d-d965ccfc6d4b" outcome="Passed" testListId="8c84fa94-04c1-424b-9868-57a2d4851a1d" relativeResultsDirectory="a095102b-a574-45da-9230-551ac1e62421" />
    <UnitTestResult executionId="1ed8271f-cce3-4927-8627-c4c10bf0c046" testId="da4cd128-e5b1-6e5a-10d1-c83d72fd21f7" testName="MonitorBrightnessController.Tests.BrightnessValidationTests.TryParseBrightness_RejectsInvalidExamples(input: &quot;abc&quot;)" computerName="PRIMARY" duration="00:00:00.0000013" startTime="2026-06-14T14:54:31.5067342-07:00" endTime="2026-06-14T14:54:31.5067342-07:00" testType="13cdc9d9-ddb5-4fa4-a97d-d965ccfc6d4b" outcome="Passed" testListId="8c84fa94-04c1-424b-9868-57a2d4851a1d" relativeResultsDirectory="1ed8271f-cce3-4927-8627-c4c10bf0c046" />
    <UnitTestResult executionId="822aefe4-7632-4351-8636-93ac8ac0315c" testId="d9a404de-2b13-cf2d-abf7-4cd76857b5e1" testName="MonitorBrightnessController.Tests.ProfileNameValidationTests.IsValidProfileName_AcceptsValidExamples(name: &quot;0&quot;)" computerName="PRIMARY" duration="00:00:00.0000041" startTime="2026-06-14T14:54:31.5068831-07:00" endTime="2026-06-14T14:54:31.5068831-07:00" testType="13cdc9d9-ddb5-4fa4-a97d-d965ccfc6d4b" outcome="Passed" testListId="8c84fa94-04c1-424b-9868-57a2d4851a1d" relativeResultsDirectory="822aefe4-7632-4351-8636-93ac8ac0315c" />
    <UnitTestResult executionId="93ef0649-2952-4b23-9182-f9c57cc56006" testId="d2b0dc1a-5a4e-d08e-e756-8f6508b15fa8" testName="MonitorBrightnessController.Tests.CliPartialFailureTests.PartialFailure_MixedSuccessAndFailure_ConcreteExample" computerName="PRIMARY" duration="00:00:00.0766965" startTime="2026-06-14T14:54:31.5415974-07:00" endTime="2026-06-14T14:54:31.5415977-07:00" testType="13cdc9d9-ddb5-4fa4-a97d-d965ccfc6d4b" outcome="Passed" testListId="8c84fa94-04c1-424b-9868-57a2d4851a1d" relativeResultsDirectory="93ef0649-2952-4b23-9182-f9c57cc56006" />
    <UnitTestResult executionId="fadd88ef-5ba2-4e58-a724-57f3bf2936a6" testId="7327fbcb-bc21-48c2-8062-97a5ad4bf777" testName="MonitorBrightnessController.Tests.StartupRegistrationTests.SetStartWithWindows_Enable_WhenRegistryKeyOpens_CallsSetValueAndReturnsSuccess" computerName="PRIMARY" duration="00:00:00.0040633" startTime="2026-06-14T14:54:31.5733469-07:00" endTime="2026-06-14T14:54:31.5733470-07:00" testType="13cdc9d9-ddb5-4fa4-a97d-d965ccfc6d4b" outcome="Passed" testListId="8c84fa94-04c1-424b-9868-57a2d4851a1d" relativeResultsDirectory="fadd88ef-5ba2-4e58-a724-57f3bf2936a6" />
    <UnitTestResult executionId="23adc199-9f18-4a63-9786-94037c9ff134" testId="427bf8b4-76ae-d33e-87e8-bde45133f8d4" testName="MonitorBrightnessController.Tests.ProfileGammaDeserializationTests.NullGammaMap_IsOmittedFromSerializedJson" computerName="PRIMARY" duration="00:00:00.0001451" startTime="2026-06-14T14:54:31.5190900-07:00" endTime="2026-06-14T14:54:31.5190902-07:00" testType="13cdc9d9-ddb5-4fa4-a97d-d965ccfc6d4b" outcome="Passed" testListId="8c84fa94-04c1-424b-9868-57a2d4851a1d" relativeResultsDirectory="23adc199-9f18-4a63-9786-94037c9ff134" />
    <UnitTestResult executionId="43c95afa-9358-49d5-9385-fbd8a540912a" testId="f71b1304-84e9-91f9-b9bc-1f30704aaef4" testName="MonitorBrightnessController.Tests.StartupRegistrationTests.IsRegistered_WhenGetValueReturnsNull_ReturnsFalse" computerName="PRIMARY" duration="00:00:00.0111542" startTime="2026-06-14T14:54:31.5852533-07:00" endTime="2026-06-14T14:54:31.5852535-07:00" testType="13cdc9d9-ddb5-4fa4-a97d-d965ccfc6d4b" outcome="Passed" testListId="8c84fa94-04c1-424b-9868-57a2d4851a1d" relativeResultsDirectory="43c95afa-9358-49d5-9385-fbd8a540912a" />
    <UnitTestResult executionId="b3a2a2c0-6605-470e-b898-20482b0b1a89" testId="2cd5a12e-af29-b8f0-91af-8257b31749b7" testName="MonitorBrightnessController.Tests.StartupProfileDropdownTests.PersistFailure_RevertsSelectionToPreviousValue" computerName="PRIMARY" duration="00:00:00.0004703" startTime="2026-06-14T14:54:31.5732733-07:00" endTime="2026-06-14T14:54:31.5732733-07:00" testType="13cdc9d9-ddb5-4fa4-a97d-d965ccfc6d4b" outcome="Passed" testListId="8c84fa94-04c1-424b-9868-57a2d4851a1d" relativeResultsDirectory="b3a2a2c0-6605-470e-b898-20482b0b1a89" />
    <UnitTestResult executionId="754224f3-5a83-4971-bc15-b7b7ecbba265" testId="e7b1e3a7-72e7-9c96-0aea-d70b35bd937b" testName="MonitorBrightnessController.Tests.MonitorNameFallbackTests.MonitorName_PreservesNonBlankNames" computerName="PRIMARY" duration="00:00:00.0204660" startTime="2026-06-14T14:54:31.6635031-07:00" endTime="2026-06-14T14:54:31.6635031-07:00" testType="13cdc9d9-ddb5-4fa4-a97d-d965ccfc6d4b" outcome="Passed" testListId="8c84fa94-04c1-424b-9868-57a2d4851a1d" relativeResultsDirectory="754224f3-5a83-4971-bc15-b7b7ecbba265">
      <Output>
        <StdOut>Ok, passed 100 tests.</StdOut>
      </Output>
    </UnitTestResult>
    <UnitTestResult executionId="ae65d892-a73f-4b68-8763-62e12b0aa9d9" testId="0d27ed85-3bfd-80d0-219f-68bb2b4eb2f4" testName="MonitorBrightnessController.Tests.BrightnessValidationTests.TryParseBrightness_AcceptsValidExamples(input: &quot;0&quot;, expected: 0)" computerName="PRIMARY" duration="00:00:00.0012345" startTime="2026-06-14T14:54:31.5077154-07:00" endTime="2026-06-14T14:54:31.5077155-07:00" testType="13cdc9d9-ddb5-4fa4-a97d-d965ccfc6d4b" outcome="Passed" testListId="8c84fa94-04c1-424b-9868-57a2d4851a1d" relativeResultsDirectory="ae65d892-a73f-4b68-8763-62e12b0aa9d9" />
    <UnitTestResult executionId="63785ee2-991e-4bad-8b0c-f13c25f8f6a1" testId="0fd1eb09-bd35-232d-1264-181aee0fbf91" testName="MonitorBrightnessController.Tests.Properties.CliParsingProperties.CliExecution_PartialFailure_ProcessesAllCommands" computerName="PRIMARY" duration="00:00:00.0248676" startTime="2026-06-14T14:54:31.6674121-07:00" endTime="2026-06-14T14:54:31.6674123-07:00" testType="13cdc9d9-ddb5-4fa4-a97d-d965ccfc6d4b" outcome="Passed" testListId="8c84fa94-04c1-424b-9868-57a2d4851a1d" relativeResultsDirectory="63785ee2-991e-4bad-8b0c-f13c25f8f6a1">
      <Output>
        <StdOut>Ok, passed 100 tests.</StdOut>
      </Output>
    </UnitTestResult>
    <UnitTestResult executionId="6c0da346-349d-4cd2-9593-0757d4bbf77b" testId="a3f6783e-9066-cb09-858b-0aa0205911e3" testName="MonitorBrightnessController.Tests.BrightnessSyncTests.TextCommit_UpdatesSlider(text: &quot;100&quot;, expected: 100)" computerName="PRIMARY" duration="00:00:00.0001958" startTime="2026-06-14T14:54:31.6488509-07:00" endTime="2026-06-14T14:54:31.6488510-07:00" testType="13cdc9d9-ddb5-4fa4-a97d-d965ccfc6d4b" outcome="Passed" testListId="8c84fa94-04c1-424b-9868-57a2d4851a1d" relativeResultsDirectory="6c0da346-349d-4cd2-9593-0757d4bbf77b" />
    <UnitTestResult executionId="42fde3a9-d0d4-4260-af96-0385ffae607c" testId="e4e9119b-4add-3cce-2db1-5d02e8162915" testName="MonitorBrightnessController.Tests.BrightnessValidationTests.TryParseBrightness_RejectsInvalidExamples(input: &quot;   &quot;)" computerName="PRIMARY" duration="00:00:00.0000079" startTime="2026-06-14T14:54:31.5052914-07:00" endTime="2026-06-14T14:54:31.5052914-07:00" testType="13cdc9d9-ddb5-4fa4-a97d-d965ccfc6d4b" outcome="Passed" testListId="8c84fa94-04c1-424b-9868-57a2d4851a1d" relativeResultsDirectory="42fde3a9-d0d4-4260-af96-0385ffae607c" />
    <UnitTestResult executionId="7d1f9262-c666-4ba9-a626-0babeeceb7a1" testId="852b5aed-ed4a-a78b-c1f1-4faf4101a96f" testName="MonitorBrightnessController.Tests.StartupBehaviorTests.Run_DefaultProfileApplyFails_ReturnsNoticeButContinues" computerName="PRIMARY" duration="00:00:00.0004604" startTime="2026-06-14T14:54:31.5691046-07:00" endTime="2026-06-14T14:54:31.5691047-07:00" testType="13cdc9d9-ddb5-4fa4-a97d-d965ccfc6d4b" outcome="Passed" testListId="8c84fa94-04c1-424b-9868-57a2d4851a1d" relativeResultsDirectory="7d1f9262-c666-4ba9-a626-0babeeceb7a1" />
    <UnitTestResult executionId="58ef5611-ac79-49ec-a7bd-dacaf0693f50" testId="bc3d55cd-45cf-61e8-254d-bc9afbb11758" testName="MonitorBrightnessController.Tests.DdcSupportFilteringTests.DdcFilter_ExcludesUnsupported" computerName="PRIMARY" duration="00:00:00.0813045" startTime="2026-06-14T14:54:31.7786486-07:00" endTime="2026-06-14T14:54:31.7786490-07:00" testType="13cdc9d9-ddb5-4fa4-a97d-d965ccfc6d4b" outcome="Passed" testListId="8c84fa94-04c1-424b-9868-57a2d4851a1d" relativeResultsDirectory="58ef5611-ac79-49ec-a7bd-dacaf0693f50">
      <Output>
        <StdOut>Ok, passed 100 tests.</StdOut>
      </Output>
    </UnitTestResult>
    <UnitTestResult executionId="b361b577-36ed-4438-96ec-ac54ef485c78" testId="5547062e-068d-1511-0ae1-6389b55ac87a" testName="MonitorBrightnessController.Tests.BrightnessValidationTests.TryParseBrightness_RejectsInvalidExamples(input: &quot;12.5&quot;)" computerName="PRIMARY" duration="00:00:00.0000109" startTime="2026-06-14T14:54:31.5051865-07:00" endTime="2026-06-14T14:54:31.5051865-07:00" testType="13cdc9d9-ddb5-4fa4-a97d-d965ccfc6d4b" outcome="Passed" testListId="8c84fa94-04c1-424b-9868-57a2d4851a1d" relativeResultsDirectory="b361b577-36ed-4438-96ec-ac54ef485c78" />
    <UnitTestResult executionId="7eddd606-1ea2-4a02-93cc-16d4f9c74ae0" testId="75be9087-90bc-9d64-95d0-3a6371fc99bc" testName="MonitorBrightnessController.Tests.ProfileGammaDeserializationTests.AppSettings_SaveWithNullGamma_OmitsGammaProperty" computerName="PRIMARY" duration="00:00:00.0003017" startTime="2026-06-14T14:54:31.5188605-07:00" endTime="2026-06-14T14:54:31.5188606-07:00" testType="13cdc9d9-ddb5-4fa4-a97d-d965ccfc6d4b" outcome="Passed" testListId="8c84fa94-04c1-424b-9868-57a2d4851a1d" relativeResultsDirectory="7eddd606-1ea2-4a02-93cc-16d4f9c74ae0" />
    <UnitTestResult executionId="17c00a69-25e0-40dd-bff0-af4be322326b" testId="eee2bd2e-f20b-4080-d3bd-2218615d9c13" testName="MonitorBrightnessController.Tests.MonitorIndexAssignmentTests.IndexAssignment_IsDeterministic" computerName="PRIMARY" duration="00:00:00.1485960" startTime="2026-06-14T14:54:31.6433267-07:00" endTime="2026-06-14T14:54:31.6433267-07:00" testType="13cdc9d9-ddb5-4fa4-a97d-d965ccfc6d4b" outcome="Passed" testListId="8c84fa94-04c1-424b-9868-57a2d4851a1d" relativeResultsDirectory="17c00a69-25e0-40dd-bff0-af4be322326b">
      <Output>
        <StdOut>Ok, passed 100 tests.</StdOut>
      </Output>
    </UnitTestResult>
    <UnitTestResult executionId="c2356d4f-2209-4525-8b83-e2ce39c5a8e8" testId="e925483c-c9e8-6efa-7117-8653764470d3" testName="MonitorBrightnessController.Tests.ApplicationInstallerTests.IsInstalledInProgramFiles_ReturnsFalse_WhenRunningFromTestRunner" computerName="PRIMARY" duration="00:00:00.0000865" startTime="2026-06-14T14:54:31.5091359-07:00" endTime="2026-06-14T14:54:31.5091359-07:00" testType="13cdc9d9-ddb5-4fa4-a97d-d965ccfc6d4b" outcome="Passed" testListId="8c84fa94-04c1-424b-9868-57a2d4851a1d" relativeResultsDirectory="c2356d4f-2209-4525-8b83-e2ce39c5a8e8" />
    <UnitTestResult executionId="6c17ffd2-2c42-4612-9a2b-690ee6578da6" testId="4520374a-9a95-6952-6f73-ee7f20c67aaa" testName="MonitorBrightnessController.Tests.Properties.ProfileApplyProperties.ProfileApply_TargetsOnlyConnectedMonitors" computerName="PRIMARY" duration="00:00:00.0251453" startTime="2026-06-14T14:54:31.7261138-07:00" endTime="2026-06-14T14:54:31.7261142-07:00" testType="13cdc9d9-ddb5-4fa4-a97d-d965ccfc6d4b" outcome="Passed" testListId="8c84fa94-04c1-424b-9868-57a2d4851a1d" relativeResultsDirectory="6c17ffd2-2c42-4612-9a2b-690ee6578da6">
      <Output>
        <StdOut>Ok, passed 100 tests.</StdOut>
      </Output>
    </UnitTestResult>
    <UnitTestResult executionId="087910de-1f18-48b7-ac3e-2bf05fe21761" testId="a2e71661-aec1-0017-370e-78b5e3b32e03" testName="MonitorBrightnessController.Tests.BrightnessValidationTests.TryParseBrightness_RejectsInvalidExamples(input: null)" computerName="PRIMARY" duration="00:00:00.0000016" startTime="2026-06-14T14:54:31.5057803-07:00" endTime="2026-06-14T14:54:31.5057805-07:00" testType="13cdc9d9-ddb5-4fa4-a97d-d965ccfc6d4b" outcome="Passed" testListId="8c84fa94-04c1-424b-9868-57a2d4851a1d" relativeResultsDirectory="087910de-1f18-48b7-ac3e-2bf05fe21761" />
    <UnitTestResult executionId="e97f2e73-c264-4606-a042-25ef056fd671" testId="60817443-3df2-a361-09bd-7aa48c30af98" testName="MonitorBrightnessController.Tests.Properties.CliParsingProperties.CliExecution_BrightnessOnly_CallsSetBrightnessButNotSetGamma" computerName="PRIMARY" duration="00:00:00.1317909" startTime="2026-06-14T14:54:31.6414406-07:00" endTime="2026-06-14T14:54:31.6414406-07:00" testType="13cdc9d9-ddb5-4fa4-a97d-d965ccfc6d4b" outcome="Passed" testListId="8c84fa94-04c1-424b-9868-57a2d4851a1d" relativeResultsDirectory="e97f2e73-c264-4606-a042-25ef056fd671">
      <Output>
        <StdOut>Ok, passed 100 tests.</StdOut>
      </Output>
    </UnitTestResult>
    <UnitTestResult executionId="a5614699-328f-42f8-9570-6ab958127d29" testId="e2f19b67-071c-a70b-d2fb-3f99b1b4d649" testName="MonitorBrightnessController.Tests.Properties.ProfileSerializationProperties.LegacyProfile_DeserializesWithNullGammaMap" computerName="PRIMARY" duration="00:00:00.0161036" startTime="2026-06-14T14:54:32.6361812-07:00" endTime="2026-06-14T14:54:32.6361815-07:00" testType="13cdc9d9-ddb5-4fa4-a97d-d965ccfc6d4b" outcome="Passed" testListId="8c84fa94-04c1-424b-9868-57a2d4851a1d" relativeResultsDirectory="a5614699-328f-42f8-9570-6ab958127d29">
      <Output>
        <StdOut>Ok, passed 100 tests.</StdOut>
      </Output>
    </UnitTestResult>
    <UnitTestResult executionId="524189eb-6ea4-472d-a5c9-5addc5f6d038" testId="76e4d7c4-6e0f-4382-e8c0-c779068e4396" testName="MonitorBrightnessController.Tests.StartupBehaviorTests.Decide_EnabledButNoLastProfileRecorded_ShowsNotice" computerName="PRIMARY" duration="00:00:00.0025435" startTime="2026-06-14T14:54:31.5756451-07:00" endTime="2026-06-14T14:54:31.5756452-07:00" testType="13cdc9d9-ddb5-4fa4-a97d-d965ccfc6d4b" outcome="Passed" testListId="8c84fa94-04c1-424b-9868-57a2d4851a1d" relativeResultsDirectory="524189eb-6ea4-472d-a5c9-5addc5f6d038" />
    <UnitTestResult executionId="eb334bd8-1d5d-4a22-be2b-489a8a5b3bd8" testId="a8d5e8aa-33ea-2d3c-6d9c-cd5d4962b501" testName="MonitorBrightnessController.Tests.ApplicationInstallerTests.PathNormalization_HandlesVariousCaseFormats(path: &quot;c:\\program files\\monitorbrightnesscontroller\\mo&quot;···)" computerName="PRIMARY" duration="00:00:00.0001317" startTime="2026-06-14T14:54:31.5022514-07:00" endTime="2026-06-14T14:54:31.5022515-07:00" testType="13cdc9d9-ddb5-4fa4-a97d-d965ccfc6d4b" outcome="Passed" testListId="8c84fa94-04c1-424b-9868-57a2d4851a1d" relativeResultsDirectory="eb334bd8-1d5d-4a22-be2b-489a8a5b3bd8" />
    <UnitTestResult executionId="589bc808-36ed-45f2-becf-10a810659f97" testId="f9a6312f-1aa1-7d12-f86a-629f98d324ef" testName="MonitorBrightnessController.Tests.BrightnessValidationTests.BrightnessValidation_RejectsInvalid" computerName="PRIMARY" duration="00:00:00.1273850" startTime="2026-06-14T14:54:31.6433590-07:00" endTime="2026-06-14T14:54:31.6433590-07:00" testType="13cdc9d9-ddb5-4fa4-a97d-d965ccfc6d4b" outcome="Passed" testListId="8c84fa94-04c1-424b-9868-57a2d4851a1d" relativeResultsDirectory="589bc808-36ed-45f2-becf-10a810659f97">
      <Output>
        <StdOut>Ok, passed 100 tests.</StdOut>
      </Output>
    </UnitTestResult>
    <UnitTestResult executionId="6a9472ce-d7eb-4ea3-81b3-27622c184224" testId="da97c17c-4c8a-7941-cb9c-f798b775e68f" testName="MonitorBrightnessController.Tests.ProfileNameValidationTests.IsValidProfileName_AcceptsValidExamples(name: &quot;focus&quot;)" computerName="PRIMARY" duration="00:00:00.0000043" startTime="2026-06-14T14:54:31.5075845-07:00" endTime="2026-06-14T14:54:31.5075845-07:00" testType="13cdc9d9-ddb5-4fa4-a97d-d965ccfc6d4b" outcome="Passed" testListId="8c84fa94-04c1-424b-9868-57a2d4851a1d" relativeResultsDirectory="6a9472ce-d7eb-4ea3-81b3-27622c184224" />
    <UnitTestResult executionId="fb2bfa49-d7ee-41bc-a994-6f40ce5c932a" testId="3205c2d2-b2ce-acb1-acfa-dc79b602dd4d" testName="MonitorBrightnessController.Tests.BrightnessSyncTests.TextCommit_UpdatesSlider(text: &quot;0&quot;, expected: 0)" computerName="PRIMARY" duration="00:00:00.0000076" startTime="2026-06-14T14:54:31.6491969-07:00" endTime="2026-06-14T14:54:31.6491970-07:00" testType="13cdc9d9-ddb5-4fa4-a97d-d965ccfc6d4b" outcome="Passed" testListId="8c84fa94-04c1-424b-9868-57a2d4851a1d" relativeResultsDirectory="fb2bfa49-d7ee-41bc-a994-6f40ce5c932a" />
    <UnitTestResult executionId="58077a81-9f28-4f97-9b13-4a31b4376c0c" testId="caf4f587-a795-06ad-4596-401b65a22901" testName="MonitorBrightnessController.Tests.MonitorIndexAssignmentTests.IndexAssignment_ConcreteExample_IsOrderIndependent" computerName="PRIMARY" duration="00:00:00.0026512" startTime="2026-06-14T14:54:31.6487773-07:00" endTime="2026-06-14T14:54:31.6487773-07:00" testType="13cdc9d9-ddb5-4fa4-a97d-d965ccfc6d4b" outcome="Passed" testListId="8c84fa94-04c1-424b-9868-57a2d4851a1d" relativeResultsDirectory="58077a81-9f28-4f97-9b13-4a31b4376c0c" />
    <UnitTestResult executionId="7af9af8f-5642-4c05-8a06-38a791460c37" testId="3b0dc5ed-f9c3-9c97-8948-47ce17940a4f" testName="MonitorBrightnessController.Tests.ProfileNameValidationTests.ProfileName_ValidatesCorrectly" computerName="PRIMARY" duration="00:00:00.1413957" startTime="2026-06-14T14:54:31.6414484-07:00" endTime="2026-06-14T14:54:31.6414484-07:00" testType="13cdc9d9-ddb5-4fa4-a97d-d965ccfc6d4b" outcome="Passed" testListId="8c84fa94-04c1-424b-9868-57a2d4851a1d" relativeResultsDirectory="7af9af8f-5642-4c05-8a06-38a791460c37">
      <Output>
        <StdOut>Ok, passed 100 tests.</StdOut>
      </Output>
    </UnitTestResult>
    <UnitTestResult executionId="d36bd52a-6d49-4aa0-8905-ee74ea0d33be" testId="aec2c912-2384-95bd-1d83-01484bdc4a74" testName="MonitorBrightnessController.Tests.BrightnessSyncTests.SliderChange_UpdatesText(value: 50)" computerName="PRIMARY" duration="00:00:00.0013348" startTime="2026-06-14T14:54:31.5348439-07:00" endTime="2026-06-14T14:54:31.5348441-07:00" testType="13cdc9d9-ddb5-4fa4-a97d-d965ccfc6d4b" outcome="Passed" testListId="8c84fa94-04c1-424b-9868-57a2d4851a1d" relativeResultsDirectory="d36bd52a-6d49-4aa0-8905-ee74ea0d33be" />
    <UnitTestResult executionId="6d975383-a9ec-4537-9980-462f3b27ea01" testId="87e2a25b-009e-f908-99a9-480d913476af" testName="MonitorBrightnessController.Tests.Properties.ProfileSerializationProperties.OutOfRangeGammaInJson_YieldsNullGammaMapOnLoad" computerName="PRIMARY" duration="00:00:01.1394176" startTime="2026-06-14T14:54:32.6194119-07:00" endTime="2026-06-14T14:54:32.6194121-07:00" testType="13cdc9d9-ddb5-4fa4-a97d-d965ccfc6d4b" outcome="Passed" testListId="8c84fa94-04c1-424b-9868-57a2d4851a1d" relativeResultsDirectory="6d975383-a9ec-4537-9980-462f3b27ea01">
      <Output>
        <StdOut>Ok, passed 100 tests.</StdOut>
      </Output>
    </UnitTestResult>
    <UnitTestResult executionId="fe956048-1aa6-4961-96bb-aefa3acd3fa0" testId="ed56641b-0335-9f5c-82e9-d8ff3cdc20f7" testName="MonitorBrightnessController.Tests.ProfileNameValidationTests.IsValidProfileName_AcceptsValidExamples(name: &quot;-&quot;)" computerName="PRIMARY" duration="00:00:00.0000726" startTime="2026-06-14T14:54:31.5053633-07:00" endTime="2026-06-14T14:54:31.5053634-07:00" testType="13cdc9d9-ddb5-4fa4-a97d-d965ccfc6d4b" outcome="Passed" testListId="8c84fa94-04c1-424b-9868-57a2d4851a1d" relativeResultsDirectory="fe956048-1aa6-4961-96bb-aefa3acd3fa0" />
    <UnitTestResult executionId="903a10ff-46bd-4e4c-98e1-0ad40a006293" testId="bf5d6cd9-cac0-7cc1-6563-32f230e14bd0" testName="MonitorBrightnessController.Tests.Properties.EnsureRegistrationProperties.EnsureRegistration_Reconciles_Correctly" computerName="PRIMARY" duration="00:00:00.0832238" startTime="2026-06-14T14:54:31.6433909-07:00" endTime="2026-06-14T14:54:31.6433909-07:00" testType="13cdc9d9-ddb5-4fa4-a97d-d965ccfc6d4b" outcome="Passed" testListId="8c84fa94-04c1-424b-9868-57a2d4851a1d" relativeResultsDirectory="903a10ff-46bd-4e4c-98e1-0ad40a006293">
      <Output>
        <StdOut>Ok, passed 100 tests.</StdOut>
      </Output>
    </UnitTestResult>
    <UnitTestResult executionId="e4eb27ad-125c-439c-9d0c-5ffb0bbdce13" testId="9a8df460-93a9-19e6-f56e-84cc4e44c04b" testName="MonitorBrightnessController.Tests.StartupBehaviorTests.ViewModel_DefaultsToggleToFalseOnFirstUse" computerName="PRIMARY" duration="00:00:00.0002784" startTime="2026-06-14T14:54:31.5732305-07:00" endTime="2026-06-14T14:54:31.5732306-07:00" testType="13cdc9d9-ddb5-4fa4-a97d-d965ccfc6d4b" outcome="Passed" testListId="8c84fa94-04c1-424b-9868-57a2d4851a1d" relativeResultsDirectory="e4eb27ad-125c-439c-9d0c-5ffb0bbdce13" />
    <UnitTestResult executionId="ba35390f-a418-474e-aa6e-0c62e49f0429" testId="f29a098f-3ae1-a5c0-a3e8-24b6dabf1621" testName="MonitorBrightnessController.Tests.BrightnessSyncTests.TextCommit_UpdatesSlider(text: &quot;50&quot;, expected: 50)" computerName="PRIMARY" duration="00:00:00.0007944" startTime="2026-06-14T14:54:31.6489644-07:00" endTime="2026-06-14T14:54:31.6489645-07:00" testType="13cdc9d9-ddb5-4fa4-a97d-d965ccfc6d4b" outcome="Passed" testListId="8c84fa94-04c1-424b-9868-57a2d4851a1d" relativeResultsDirectory="ba35390f-a418-474e-aa6e-0c62e49f0429" />
    <UnitTestResult executionId="0e7adf23-91c5-436d-ac43-160be65995bb" testId="cae57150-3d0f-9360-215d-51ffdf47f041" testName="MonitorBrightnessController.Tests.StartupRegistrationTests.SetStartWithWindows_Enable_WhenRegistryKeyCannotBeOpened_ReturnsFailure" computerName="PRIMARY" duration="00:00:00.0003607" startTime="2026-06-14T14:54:31.5744445-07:00" endTime="2026-06-14T14:54:31.5744446-07:00" testType="13cdc9d9-ddb5-4fa4-a97d-d965ccfc6d4b" outcome="Passed" testListId="8c84fa94-04c1-424b-9868-57a2d4851a1d" relativeResultsDirectory="0e7adf23-91c5-436d-ac43-160be65995bb" />
    <UnitTestResult executionId="e5c95530-ca84-43b5-9846-077dce4e95fc" testId="c567a068-1a82-1c1a-34fa-a0a3e5177991" testName="MonitorBrightnessController.Tests.BrightnessSyncTests.SliderChange_UpdatesText(value: 0)" computerName="PRIMARY" duration="00:00:00.0000086" startTime="2026-06-14T14:54:31.5349023-07:00" endTime="2026-06-14T14:54:31.5349024-07:00" testType="13cdc9d9-ddb5-4fa4-a97d-d965ccfc6d4b" outcome="Passed" testListId="8c84fa94-04c1-424b-9868-57a2d4851a1d" relativeResultsDirectory="e5c95530-ca84-43b5-9846-077dce4e95fc" />
    <UnitTestResult executionId="3bf80f5c-098f-4e8e-a694-636e690df960" testId="4da7d2a9-cee9-3f5e-73ce-ea60c852e837" testName="MonitorBrightnessController.Tests.ProfileNameValidationTests.IsValidProfileName_AcceptsValidExamples(name: &quot;movie-mode&quot;)" computerName="PRIMARY" duration="00:00:00.0000045" startTime="2026-06-14T14:54:31.5068540-07:00" endTime="2026-06-14T14:54:31.5068541-07:00" testType="13cdc9d9-ddb5-4fa4-a97d-d965ccfc6d4b" outcome="Passed" testListId="8c84fa94-04c1-424b-9868-57a2d4851a1d" relativeResultsDirectory="3bf80f5c-098f-4e8e-a694-636e690df960" />
    <UnitTestResult executionId="4d4d36ae-9899-45da-9f74-8e91a323c5e5" testId="a303f09a-affe-e6f5-bae3-d4debe0cc3c5" testName="MonitorBrightnessController.Tests.Properties.ProfileApplyProperties.LegacyProfileApply_SendsNoGammaCommands" computerName="PRIMARY" duration="00:00:00.1585761" startTime="2026-06-14T14:54:31.6483802-07:00" endTime="2026-06-14T14:54:31.6483805-07:00" testType="13cdc9d9-ddb5-4fa4-a97d-d965ccfc6d4b" outcome="Passed" testListId="8c84fa94-04c1-424b-9868-57a2d4851a1d" relativeResultsDirectory="4d4d36ae-9899-45da-9f74-8e91a323c5e5">
      <Output>
        <StdOut>Ok, passed 100 tests.</StdOut>
      </Output>
    </UnitTestResult>
    <UnitTestResult executionId="da0a9762-f58d-423e-8768-10a1fcd5912e" testId="34211689-4db4-2093-4671-36b0e14fda75" testName="MonitorBrightnessController.Tests.Properties.ProfileSerializationProperties.NullGammaMap_OmittedFromSerializedJson" computerName="PRIMARY" duration="00:00:00.0033408" startTime="2026-06-14T14:54:32.6608255-07:00" endTime="2026-06-14T14:54:32.6608258-07:00" testType="13cdc9d9-ddb5-4fa4-a97d-d965ccfc6d4b" outcome="Passed" testListId="8c84fa94-04c1-424b-9868-57a2d4851a1d" relativeResultsDirectory="da0a9762-f58d-423e-8768-10a1fcd5912e">
      <Output>
        <StdOut>Ok, passed 100 tests.</StdOut>
      </Output>
    </UnitTestResult>
    <UnitTestResult executionId="955101cd-b55f-4048-9c82-75828f9908e1" testId="5038a34d-4c38-488f-d798-c6b2dfef4a45" testName="MonitorBrightnessController.Tests.BrightnessValidationTests.BrightnessValidation_AcceptsValidIntegers" computerName="PRIMARY" duration="00:00:00.0117657" startTime="2026-06-14T14:54:31.6534030-07:00" endTime="2026-06-14T14:54:31.6534031-07:00" testType="13cdc9d9-ddb5-4fa4-a97d-d965ccfc6d4b" outcome="Passed" testListId="8c84fa94-04c1-424b-9868-57a2d4851a1d" relativeResultsDirectory="955101cd-b55f-4048-9c82-75828f9908e1">
      <Output>
        <StdOut>Ok, passed 100 tests.</StdOut>
      </Output>
    </UnitTestResult>
    <UnitTestResult executionId="500e3292-28b8-49a7-8a14-d85eb98ff2d9" testId="33f020a0-e6f6-51a6-a2b7-21de91f0b09e" testName="MonitorBrightnessController.Tests.Properties.CliParsingProperties.CliParsing_ExtractsGamma_RegardlessOfArgumentOrder" computerName="PRIMARY" duration="00:00:00.0113354" startTime="2026-06-14T14:54:31.6801640-07:00" endTime="2026-06-14T14:54:31.6801643-07:00" testType="13cdc9d9-ddb5-4fa4-a97d-d965ccfc6d4b" outcome="Passed" testListId="8c84fa94-04c1-424b-9868-57a2d4851a1d" relativeResultsDirectory="500e3292-28b8-49a7-8a14-d85eb98ff2d9">
      <Output>
        <StdOut>Ok, passed 100 tests.</StdOut>
      </Output>
    </UnitTestResult>
    <UnitTestResult executionId="f2e8ce7d-4a3e-45e8-aafe-144456d00326" testId="053debb7-ca57-baae-3a1c-6684a5c1f936" testName="MonitorBrightnessController.Tests.SettingsStoreGammaTests.Load_ValidGammaValues_PreservesGammaMap" computerName="PRIMARY" duration="00:00:00.0068307" startTime="2026-06-14T14:54:31.5431690-07:00" endTime="2026-06-14T14:54:31.5431692-07:00" testType="13cdc9d9-ddb5-4fa4-a97d-d965ccfc6d4b" outcome="Passed" testListId="8c84fa94-04c1-424b-9868-57a2d4851a1d" relativeResultsDirectory="f2e8ce7d-4a3e-45e8-aafe-144456d00326" />
    <UnitTestResult executionId="36a6c3d6-61e7-40e9-9b4a-b57cedabb2c1" testId="1b5223b8-21b8-5520-7dc1-7611beb7fb39" testName="MonitorBrightnessController.Tests.BrightnessValidationTests.TryParseBrightness_RejectsInvalidExamples(input: &quot;50%&quot;)" computerName="PRIMARY" duration="00:00:00.0000111" startTime="2026-06-14T14:54:31.5053232-07:00" endTime="2026-06-14T14:54:31.5053233-07:00" testType="13cdc9d9-ddb5-4fa4-a97d-d965ccfc6d4b" outcome="Passed" testListId="8c84fa94-04c1-424b-9868-57a2d4851a1d" relativeResultsDirectory="36a6c3d6-61e7-40e9-9b4a-b57cedabb2c1" />
    <UnitTestResult executionId="06f6c754-14ce-4efa-97b6-c2cbc4a7e0a5" testId="2c45b6f6-969e-d59d-bea0-8925a92f9d7d" testName="MonitorBrightnessController.Tests.StartupProfileDropdownTests.Dropdown_ContainsNonePlusAllProfileNames" computerName="PRIMARY" duration="00:00:00.0009966" startTime="2026-06-14T14:54:31.5689147-07:00" endTime="2026-06-14T14:54:31.5689148-07:00" testType="13cdc9d9-ddb5-4fa4-a97d-d965ccfc6d4b" outcome="Passed" testListId="8c84fa94-04c1-424b-9868-57a2d4851a1d" relativeResultsDirectory="06f6c754-14ce-4efa-97b6-c2cbc4a7e0a5" />
    <UnitTestResult executionId="6636e864-d628-4bb7-8002-9875345c9c29" testId="6e0969ea-f0cf-917e-2799-6b5cf75bc5a7" testName="MonitorBrightnessController.Tests.BrightnessValidationTests.TryParseBrightness_RejectsInvalidExamples(input: &quot;101&quot;)" computerName="PRIMARY" duration="00:00:00.0001481" startTime="2026-06-14T14:54:31.5022412-07:00" endTime="2026-06-14T14:54:31.5022413-07:00" testType="13cdc9d9-ddb5-4fa4-a97d-d965ccfc6d4b" outcome="Passed" testListId="8c84fa94-04c1-424b-9868-57a2d4851a1d" relativeResultsDirectory="6636e864-d628-4bb7-8002-9875345c9c29" />
    <UnitTestResult executionId="8f11719a-3c1c-43e0-a929-cb17678a9119" testId="e58aab80-8297-dd54-656e-9106e274337f" testName="MonitorBrightnessController.Tests.ProfileNameUniquenessTests.ProfileName_UniqueCaseInsensitive" computerName="PRIMARY" duration="00:00:00.1128922" startTime="2026-06-14T14:54:31.6385579-07:00" endTime="2026-06-14T14:54:31.6385582-07:00" testType="13cdc9d9-ddb5-4fa4-a97d-d965ccfc6d4b" outcome="Passed" testListId="8c84fa94-04c1-424b-9868-57a2d4851a1d" relativeResultsDirectory="8f11719a-3c1c-43e0-a929-cb17678a9119">
      <Output>
        <StdOut>Ok, passed 100 tests.</StdOut>
      </Output>
    </UnitTestResult>
    <UnitTestResult executionId="1144118f-2bfa-42a4-ae81-3cf4cd9a6e2e" testId="095122ea-cb79-c8a8-ab6e-ac1095d2943b" testName="MonitorBrightnessController.Tests.Properties.ProfileApplyProperties.BrightnessAndGamma_AppliedIndependentlyPerMonitor" computerName="PRIMARY" duration="00:00:00.0190143" startTime="2026-06-14T14:54:31.7006327-07:00" endTime="2026-06-14T14:54:31.7006328-07:00" testType="13cdc9d9-ddb5-4fa4-a97d-d965ccfc6d4b" outcome="Passed" testListId="8c84fa94-04c1-424b-9868-57a2d4851a1d" relativeResultsDirectory="1144118f-2bfa-42a4-ae81-3cf4cd9a6e2e">
      <Output>
        <StdOut>Ok, passed 100 tests.</StdOut>
      </Output>
    </UnitTestResult>
    <UnitTestResult executionId="9e3b5889-35f4-4851-85a5-1a92e26166c8" testId="7f3b5f34-4193-4d0f-04c2-099821063d2f" testName="MonitorBrightnessController.Tests.MonitorNameFallbackTests.MonitorName_FallsBack_ConcreteExamples(index: 3, rawName: &quot;   &quot;)" computerName="PRIMARY" duration="00:00:00.0000023" startTime="2026-06-14T14:54:31.5046574-07:00" endTime="2026-06-14T14:54:31.5046575-07:00" testType="13cdc9d9-ddb5-4fa4-a97d-d965ccfc6d4b" outcome="Passed" testListId="8c84fa94-04c1-424b-9868-57a2d4851a1d" relativeResultsDirectory="9e3b5889-35f4-4851-85a5-1a92e26166c8" />
    <UnitTestResult executionId="90237006-c3ef-4bfc-85a9-1bf6279b94f4" testId="9ae72593-6589-1adb-7e3a-b7e829907eca" testName="MonitorBrightnessController.Tests.StartupBehaviorTests.Decide_AutoApplyDisabled_ReadsWithoutApplying" computerName="PRIMARY" duration="00:00:00.0027015" startTime="2026-06-14T14:54:31.5908799-07:00" endTime="2026-06-14T14:54:31.5908802-07:00" testType="13cdc9d9-ddb5-4fa4-a97d-d965ccfc6d4b" outcome="Passed" testListId="8c84fa94-04c1-424b-9868-57a2d4851a1d" relativeResultsDirectory="90237006-c3ef-4bfc-85a9-1bf6279b94f4" />
    <UnitTestResult executionId="358ec370-42ed-495d-9f9f-5b5659f5ac16" testId="c2a4a651-b867-c479-029a-7bcee636f0cd" testName="MonitorBrightnessController.Tests.ApplicationInstallerTests.IsInstalledInProgramFiles_PathComparison_IsCaseInsensitive" computerName="PRIMARY" duration="00:00:00.0004681" startTime="2026-06-14T14:54:31.5091029-07:00" endTime="2026-06-14T14:54:31.5091030-07:00" testType="13cdc9d9-ddb5-4fa4-a97d-d965ccfc6d4b" outcome="Passed" testListId="8c84fa94-04c1-424b-9868-57a2d4851a1d" relativeResultsDirectory="358ec370-42ed-495d-9f9f-5b5659f5ac16" />
    <UnitTestResult executionId="8ce096ac-631d-487c-a95b-8dcc5c6c6f8a" testId="89cf1908-8848-6044-7044-dd5559a84500" testName="MonitorBrightnessController.Tests.LastAppliedProfileTrackingTests.LastProfile_TrackedOnApply" computerName="PRIMARY" duration="00:00:00.0735268" startTime="2026-06-14T14:54:31.6433707-07:00" endTime="2026-06-14T14:54:31.6433707-07:00" testType="13cdc9d9-ddb5-4fa4-a97d-d965ccfc6d4b" outcome="Passed" testListId="8c84fa94-04c1-424b-9868-57a2d4851a1d" relativeResultsDirectory="8ce096ac-631d-487c-a95b-8dcc5c6c6f8a">
      <Output>
        <StdOut>Ok, passed 100 tests.</StdOut>
      </Output>
    </UnitTestResult>
    <UnitTestResult executionId="06384aa8-fcc1-4c31-b7a6-27cb3866b4fc" testId="7d8fe84d-a6b4-8fa4-03f0-78629c46135b" testName="MonitorBrightnessController.Tests.LastAppliedProfileTrackingTests.LastProfile_TrackedOnApply_ConcreteExample" computerName="PRIMARY" duration="00:00:00.0870268" startTime="2026-06-14T14:54:31.5518351-07:00" endTime="2026-06-14T14:54:31.5518352-07:00" testType="13cdc9d9-ddb5-4fa4-a97d-d965ccfc6d4b" outcome="Passed" testListId="8c84fa94-04c1-424b-9868-57a2d4851a1d" relativeResultsDirectory="06384aa8-fcc1-4c31-b7a6-27cb3866b4fc" />
    <UnitTestResult executionId="3d5cbec0-37f0-46b8-981b-bdfd0fb52333" testId="fa88d41c-6e7e-0fd1-25d5-97b87ce00bdb" testName="MonitorBrightnessController.Tests.Properties.GammaValidationProperties.ValidGamma_WithMockSuccess_UpdatesMonitorState" computerName="PRIMARY" duration="00:00:00.0016449" startTime="2026-06-14T14:54:31.6488986-07:00" endTime="2026-06-14T14:54:31.6488987-07:00" testType="13cdc9d9-ddb5-4fa4-a97d-d965ccfc6d4b" outcome="Passed" testListId="8c84fa94-04c1-424b-9868-57a2d4851a1d" relativeResultsDirectory="3d5cbec0-37f0-46b8-981b-bdfd0fb52333">
      <Output>
        <StdOut>Ok, passed 100 tests.</StdOut>
      </Output>
    </UnitTestResult>
    <UnitTestResult executionId="7fda154a-060e-4a86-8448-0ceebe6a8156" testId="9b8ced71-cb05-c19c-5e5f-9a958f9379ff" testName="MonitorBrightnessController.Tests.StartupBehaviorTests.ViewModel_MissingProfile_SurfacesStartupNotice" computerName="PRIMARY" duration="00:00:00.0006262" startTime="2026-06-14T14:54:31.5702796-07:00" endTime="2026-06-14T14:54:31.5702797-07:00" testType="13cdc9d9-ddb5-4fa4-a97d-d965ccfc6d4b" outcome="Passed" testListId="8c84fa94-04c1-424b-9868-57a2d4851a1d" relativeResultsDirectory="7fda154a-060e-4a86-8448-0ceebe6a8156" />
    <UnitTestResult executionId="75edc1ab-db83-4389-bce4-484faf52735c" testId="b098f0df-d3f6-c6f6-81e6-4c1e156376f0" testName="MonitorBrightnessController.Tests.StartupBehaviorTests.Decide_EnabledAndProfileExists_MatchesCaseInsensitively" computerName="PRIMARY" duration="00:00:00.0006118" startTime="2026-06-14T14:54:31.6007992-07:00" endTime="2026-06-14T14:54:31.6007993-07:00" testType="13cdc9d9-ddb5-4fa4-a97d-d965ccfc6d4b" outcome="Passed" testListId="8c84fa94-04c1-424b-9868-57a2d4851a1d" relativeResultsDirectory="75edc1ab-db83-4389-bce4-484faf52735c" />
    <UnitTestResult executionId="de6db1d3-4a30-4864-9893-1fe0e1a145fb" testId="9de9d1c7-33d5-26b1-5474-2028ce8859ec" testName="MonitorBrightnessController.Tests.ApplicationInstallerTests.IsInstalledInProgramFiles_ExpectedInstallPath_IsUnderProgramFiles" computerName="PRIMARY" duration="00:00:00.0000929" startTime="2026-06-14T14:54:31.5094173-07:00" endTime="2026-06-14T14:54:31.5094173-07:00" testType="13cdc9d9-ddb5-4fa4-a97d-d965ccfc6d4b" outcome="Passed" testListId="8c84fa94-04c1-424b-9868-57a2d4851a1d" relativeResultsDirectory="de6db1d3-4a30-4864-9893-1fe0e1a145fb" />
    <UnitTestResult executionId="ba14e036-c5e6-4cd5-bf4e-07c516baa6f8" testId="98928ca4-0038-9194-597a-c4a265467f74" testName="MonitorBrightnessController.Tests.StartupBehaviorTests.Run_WithCliOverride_SkipsProfileApplication" computerName="PRIMARY" duration="00:00:00.0007966" startTime="2026-06-14T14:54:31.6020308-07:00" endTime="2026-06-14T14:54:31.6020309-07:00" testType="13cdc9d9-ddb5-4fa4-a97d-d965ccfc6d4b" outcome="Passed" testListId="8c84fa94-04c1-424b-9868-57a2d4851a1d" relativeResultsDirectory="ba14e036-c5e6-4cd5-bf4e-07c516baa6f8" />
    <UnitTestResult executionId="f78fca3e-2a43-493c-bcfb-42068eb9c51f" testId="1ea2ce74-3c8e-2f6a-401d-d82e199998b8" testName="MonitorBrightnessController.Tests.StartupRegistrationTests.UpdateRegisteredPath_WhenRegistryKeyCannotBeOpened_ReturnsFailure" computerName="PRIMARY" duration="00:00:00.0003247" startTime="2026-06-14T14:54:31.5871725-07:00" endTime="2026-06-14T14:54:31.5871725-07:00" testType="13cdc9d9-ddb5-4fa4-a97d-d965ccfc6d4b" outcome="Passed" testListId="8c84fa94-04c1-424b-9868-57a2d4851a1d" relativeResultsDirectory="f78fca3e-2a43-493c-bcfb-42068eb9c51f" />
    <UnitTestResult executionId="fb079293-5070-4524-b487-95a18acc6eca" testId="6e72b6b3-7735-78f6-ad32-f8cf35918558" testName="MonitorBrightnessController.Tests.ProfileNameValidationTests.IsValidProfileName_RejectsInvalidExamples(name: &quot;dot.name&quot;)" computerName="PRIMARY" duration="00:00:00.0001077" startTime="2026-06-14T14:54:31.5018309-07:00" endTime="2026-06-14T14:54:31.5018310-07:00" testType="13cdc9d9-ddb5-4fa4-a97d-d965ccfc6d4b" outcome="Passed" testListId="8c84fa94-04c1-424b-9868-57a2d4851a1d" relativeResultsDirectory="fb079293-5070-4524-b487-95a18acc6eca" />
    <UnitTestResult executionId="060a3733-3537-437f-85c0-4f5a44e2aa05" testId="ebd7c6c7-4dfd-80b7-6bfd-8ba9bed06f0a" testName="MonitorBrightnessController.Tests.MonitorIdentifierResolutionTests.MonitorLookup_IsCaseInsensitive_ConcreteExample" computerName="PRIMARY" duration="00:00:00.0018319" startTime="2026-06-14T14:54:31.6487494-07:00" endTime="2026-06-14T14:54:31.6487494-07:00" testType="13cdc9d9-ddb5-4fa4-a97d-d965ccfc6d4b" outcome="Passed" testListId="8c84fa94-04c1-424b-9868-57a2d4851a1d" relativeResultsDirectory="060a3733-3537-437f-85c0-4f5a44e2aa05" />
    <UnitTestResult executionId="cc7f4f02-7589-4d26-abf2-5cf0bbfed5ff" testId="360c5f87-3e1c-5b3b-87cc-202746a0d769" testName="MonitorBrightnessController.Tests.CliArgumentParsingTests.CliParsing_ConcreteThreePairs_PreservesOrderAndValues" computerName="PRIMARY" duration="00:00:00.0151875" startTime="2026-06-14T14:54:31.4913144-07:00" endTime="2026-06-14T14:54:31.4913147-07:00" testType="13cdc9d9-ddb5-4fa4-a97d-d965ccfc6d4b" outcome="Passed" testListId="8c84fa94-04c1-424b-9868-57a2d4851a1d" relativeResultsDirectory="cc7f4f02-7589-4d26-abf2-5cf0bbfed5ff" />
    <UnitTestResult executionId="07789371-258d-4dd3-a9f3-604c318fc837" testId="50f18cab-17b4-0352-32ff-08acb3758c16" testName="MonitorBrightnessController.Tests.ProfileNameValidationTests.IsValidProfileName_RejectsInvalidExamples(name: &quot;slash/name&quot;)" computerName="PRIMARY" duration="00:00:00.0000046" startTime="2026-06-14T14:54:31.5044672-07:00" endTime="2026-06-14T14:54:31.5044673-07:00" testType="13cdc9d9-ddb5-4fa4-a97d-d965ccfc6d4b" outcome="Passed" testListId="8c84fa94-04c1-424b-9868-57a2d4851a1d" relativeResultsDirectory="07789371-258d-4dd3-a9f3-604c318fc837" />
    <UnitTestResult executionId="78ed2031-3f2f-4a0f-81bd-d1037ccb29c7" testId="776e2abb-e166-5419-3a8f-3412168af6e8" testName="MonitorBrightnessController.Tests.SettingsStoreGammaTests.Load_GammaValueBelowZero_SetsGammaMapToNull" computerName="PRIMARY" duration="00:00:00.0592173" startTime="2026-06-14T14:54:31.5234697-07:00" endTime="2026-06-14T14:54:31.5234700-07:00" testType="13cdc9d9-ddb5-4fa4-a97d-d965ccfc6d4b" outcome="Passed" testListId="8c84fa94-04c1-424b-9868-57a2d4851a1d" relativeResultsDirectory="78ed2031-3f2f-4a0f-81bd-d1037ccb29c7" />
    <UnitTestResult executionId="72dbafbc-4754-4218-b81b-32d32ae30cd5" testId="0b2a9da3-dd66-aefb-8a9d-823c6a2e4e7e" testName="MonitorBrightnessController.Tests.BrightnessValidationTests.TryParseBrightness_AcceptsValidExamples(input: &quot;50&quot;, expected: 50)" computerName="PRIMARY" duration="00:00:00.0000030" startTime="2026-06-14T14:54:31.5089150-07:00" endTime="2026-06-14T14:54:31.5089150-07:00" testType="13cdc9d9-ddb5-4fa4-a97d-d965ccfc6d4b" outcome="Passed" testListId="8c84fa94-04c1-424b-9868-57a2d4851a1d" relativeResultsDirectory="72dbafbc-4754-4218-b81b-32d32ae30cd5" />
    <UnitTestResult executionId="3868b1ab-719a-41f3-90b0-9affc4b69aa2" testId="ec9622a9-c8d7-6f06-569c-8e7011b12316" testName="MonitorBrightnessController.Tests.CliPartialFailureTests.PartialFailure_AttemptsAll" computerName="PRIMARY" duration="00:00:00.1087496" startTime="2026-06-14T14:54:31.6514922-07:00" endTime="2026-06-14T14:54:31.6514924-07:00" testType="13cdc9d9-ddb5-4fa4-a97d-d965ccfc6d4b" outcome="Passed" testListId="8c84fa94-04c1-424b-9868-57a2d4851a1d" relativeResultsDirectory="3868b1ab-719a-41f3-90b0-9affc4b69aa2">
      <Output>
        <StdOut>Ok, passed 100 tests.</StdOut>
      </Output>
    </UnitTestResult>
    <UnitTestResult executionId="249d8fcd-274b-4146-b2af-d2a84a13f03f" testId="331bbf92-2fe2-df9a-3551-22f69bf3dcc2" testName="MonitorBrightnessController.Tests.StartupBehaviorTests.Run_Disabled_DoesNotApplyProfile" computerName="PRIMARY" duration="00:00:00.0003420" startTime="2026-06-14T14:54:31.6095798-07:00" endTime="2026-06-14T14:54:31.6095798-07:00" testType="13cdc9d9-ddb5-4fa4-a97d-d965ccfc6d4b" outcome="Passed" testListId="8c84fa94-04c1-424b-9868-57a2d4851a1d" relativeResultsDirectory="249d8fcd-274b-4146-b2af-d2a84a13f03f" />
    <UnitTestResult executionId="30bb0402-8148-4764-9dc6-51846bfd75fe" testId="be6fc37a-0990-bc22-f0bd-5e891a5e3e74" testName="MonitorBrightnessController.Tests.Properties.ProfileApplyProperties.ProfileApply_PartialFailure_ReportsAllErrors" computerName="PRIMARY" duration="00:00:00.0397278" startTime="2026-06-14T14:54:31.6813552-07:00" endTime="2026-06-14T14:54:31.6813553-07:00" testType="13cdc9d9-ddb5-4fa4-a97d-d965ccfc6d4b" outcome="Passed" testListId="8c84fa94-04c1-424b-9868-57a2d4851a1d" relativeResultsDirectory="30bb0402-8148-4764-9dc6-51846bfd75fe">
      <Output>
        <StdOut>Ok, passed 100 tests.</StdOut>
      </Output>
    </UnitTestResult>
    <UnitTestResult executionId="439cd427-179a-4033-83e2-e2795f12c65e" testId="f7732b1d-83dd-95f4-2616-c2adf4898608" testName="MonitorBrightnessController.Tests.MonitorNameFallbackTests.MonitorName_FallsBack_ConcreteExamples(index: 1, rawName: null)" computerName="PRIMARY" duration="00:00:00.0151810" startTime="2026-06-14T14:54:31.4913588-07:00" endTime="2026-06-14T14:54:31.4913588-07:00" testType="13cdc9d9-ddb5-4fa4-a97d-d965ccfc6d4b" outcome="Passed" testListId="8c84fa94-04c1-424b-9868-57a2d4851a1d" relativeResultsDirectory="439cd427-179a-4033-83e2-e2795f12c65e" />
    <UnitTestResult executionId="fa6f8b37-f363-41f8-a878-7d6433d99e25" testId="0eafa557-a3e0-dda2-b991-c4a09dfa3003" testName="MonitorBrightnessController.Tests.ApplicationInstallerTests.ApplicationInstaller_CanBeCreated" computerName="PRIMARY" duration="00:00:00.0005731" startTime="2026-06-14T14:54:31.5076254-07:00" endTime="2026-06-14T14:54:31.5076255-07:00" testType="13cdc9d9-ddb5-4fa4-a97d-d965ccfc6d4b" outcome="Passed" testListId="8c84fa94-04c1-424b-9868-57a2d4851a1d" relativeResultsDirectory="fa6f8b37-f363-41f8-a878-7d6433d99e25" />
[...]
    <TestEntry testId="c93bb8f7-426e-96cd-b592-3d57c9be349a" executionId="8da267af-5dc7-45ca-bc20-d3cfeb2c9988" testListId="8c84fa94-04c1-424b-9868-57a2d4851a1d" />
    <TestEntry testId="73babe1c-a7cc-d69c-7533-5ca2e91d858f" executionId="d9ad1823-eb10-4f68-b369-8464deb419bd" testListId="8c84fa94-04c1-424b-9868-57a2d4851a1d" />
    <TestEntry testId="ac6667d7-6d3c-8333-b457-e68ac5b9fe7c" executionId="1463b8d6-629d-461c-ac80-271fc9984a18" testListId="8c84fa94-04c1-424b-9868-57a2d4851a1d" />
    <TestEntry testId="a51bee20-a3a6-2976-efac-b125caf8b02a" executionId="3628e01a-107f-4ca0-9761-0082fdfd656e" testListId="8c84fa94-04c1-424b-9868-57a2d4851a1d" />
    <TestEntry testId="a36dac43-474d-abf5-6c84-a2759b5dc85b" executionId="8b9d8440-52bb-4557-9483-bf17b74ff2f4" testListId="8c84fa94-04c1-424b-9868-57a2d4851a1d" />
    <TestEntry testId="2d97600f-cc2c-477c-fc06-e6a86aafeee8" executionId="5c1c6af2-6f7b-46f0-abfe-27060a1f8938" testListId="8c84fa94-04c1-424b-9868-57a2d4851a1d" />
    <TestEntry testId="da394c11-d0cb-3c66-92b6-cdaa20f3c0b1" executionId="cfce81e6-1ff5-4e45-af67-c4ed626983c4" testListId="8c84fa94-04c1-424b-9868-57a2d4851a1d" />
    <TestEntry testId="44ab7271-c93b-f399-000f-0e347ba495fc" executionId="e11b233a-e0d3-41de-b853-44fc3f6c176b" testListId="8c84fa94-04c1-424b-9868-57a2d4851a1d" />
    <TestEntry testId="d2daaf52-c73d-ca4b-961d-609efc311f9c" executionId="038fd637-e553-4139-a684-1f6a76039985" testListId="8c84fa94-04c1-424b-9868-57a2d4851a1d" />
    <TestEntry testId="42f0e8ac-4f24-2e3f-497f-26609feec766" executionId="78bb837c-8840-4cbe-addd-42547e12925b" testListId="8c84fa94-04c1-424b-9868-57a2d4851a1d" />
    <TestEntry testId="310bc8d0-2e0d-b6d6-b5e6-2cd73df46570" executionId="fafb5b01-a999-420a-95ea-55a9abbb5d96" testListId="8c84fa94-04c1-424b-9868-57a2d4851a1d" />
    <TestEntry testId="306107d1-98b3-3e48-8067-a7802bcdc657" executionId="8eda6eb8-21f5-47dd-a8ec-a593dcfdb044" testListId="8c84fa94-04c1-424b-9868-57a2d4851a1d" />
    <TestEntry testId="82ec2969-a89a-42dd-52ed-71503cfe11ab" executionId="575fee9d-9d52-4db7-9eb4-1dfcd67d48eb" testListId="8c84fa94-04c1-424b-9868-57a2d4851a1d" />
    <TestEntry testId="e0ec86aa-d571-2913-523e-80d4e7136a22" executionId="841a7501-8db7-4167-8194-201ca906ae01" testListId="8c84fa94-04c1-424b-9868-57a2d4851a1d" />
    <TestEntry testId="25cfb645-a5b9-e21b-3e90-2f2038702a24" executionId="13270ae1-9101-457b-9961-d20cc2797f03" testListId="8c84fa94-04c1-424b-9868-57a2d4851a1d" />
    <TestEntry testId="483b05d6-c950-228d-c803-415e5ca97208" executionId="9ee625ee-c445-4b15-b08a-89b1f4ca68ea" testListId="8c84fa94-04c1-424b-9868-57a2d4851a1d" />
    <TestEntry testId="9dc3bc3a-84fc-71e5-5a29-3551c833add6" executionId="c85ab7fa-bd7a-4c2d-a972-27296b07e28c" testListId="8c84fa94-04c1-424b-9868-57a2d4851a1d" />
    <TestEntry testId="fd9aa7f1-311c-7257-2bc1-c0fbbe0c94cf" executionId="6fd74583-0600-4df2-ad88-a4b71228008d" testListId="8c84fa94-04c1-424b-9868-57a2d4851a1d" />
    <TestEntry testId="e8b16ab1-2101-a903-5aba-b901a5c8a245" executionId="6537dead-7848-4e1c-b287-6d2ded0de54b" testListId="8c84fa94-04c1-424b-9868-57a2d4851a1d" />
    <TestEntry testId="5bb85f74-4fde-f273-8fcf-51477174368b" executionId="c83f63c6-55b4-4568-9ff1-884863d1bb2c" testListId="8c84fa94-04c1-424b-9868-57a2d4851a1d" />
    <TestEntry testId="40f17f48-0f8e-efcd-7f4d-b2771584f67d" executionId="05171e31-37da-46be-856e-0f78abbc6e10" testListId="8c84fa94-04c1-424b-9868-57a2d4851a1d" />
    <TestEntry testId="2c527155-8899-8077-b056-e0e2b6a46c9a" executionId="95fc1eca-5b6a-48c4-8491-0d3f38d100fd" testListId="8c84fa94-04c1-424b-9868-57a2d4851a1d" />
    <TestEntry testId="31ef976f-a6a5-d831-7960-3aa5c789754e" executionId="a095102b-a574-45da-9230-551ac1e62421" testListId="8c84fa94-04c1-424b-9868-57a2d4851a1d" />
    <TestEntry testId="da4cd128-e5b1-6e5a-10d1-c83d72fd21f7" executionId="1ed8271f-cce3-4927-8627-c4c10bf0c046" testListId="8c84fa94-04c1-424b-9868-57a2d4851a1d" />
    <TestEntry testId="d9a404de-2b13-cf2d-abf7-4cd76857b5e1" executionId="822aefe4-7632-4351-8636-93ac8ac0315c" testListId="8c84fa94-04c1-424b-9868-57a2d4851a1d" />
    <TestEntry testId="d2b0dc1a-5a4e-d08e-e756-8f6508b15fa8" executionId="93ef0649-2952-4b23-9182-f9c57cc56006" testListId="8c84fa94-04c1-424b-9868-57a2d4851a1d" />
    <TestEntry testId="7327fbcb-bc21-48c2-8062-97a5ad4bf777" executionId="fadd88ef-5ba2-4e58-a724-57f3bf2936a6" testListId="8c84fa94-04c1-424b-9868-57a2d4851a1d" />
    <TestEntry testId="427bf8b4-76ae-d33e-87e8-bde45133f8d4" executionId="23adc199-9f18-4a63-9786-94037c9ff134" testListId="8c84fa94-04c1-424b-9868-57a2d4851a1d" />
    <TestEntry testId="f71b1304-84e9-91f9-b9bc-1f30704aaef4" executionId="43c95afa-9358-49d5-9385-fbd8a540912a" testListId="8c84fa94-04c1-424b-9868-57a2d4851a1d" />
    <TestEntry testId="2cd5a12e-af29-b8f0-91af-8257b31749b7" executionId="b3a2a2c0-6605-470e-b898-20482b0b1a89" testListId="8c84fa94-04c1-424b-9868-57a2d4851a1d" />
    <TestEntry testId="e7b1e3a7-72e7-9c96-0aea-d70b35bd937b" executionId="754224f3-5a83-4971-bc15-b7b7ecbba265" testListId="8c84fa94-04c1-424b-9868-57a2d4851a1d" />
    <TestEntry testId="0d27ed85-3bfd-80d0-219f-68bb2b4eb2f4" executionId="ae65d892-a73f-4b68-8763-62e12b0aa9d9" testListId="8c84fa94-04c1-424b-9868-57a2d4851a1d" />
    <TestEntry testId="0fd1eb09-bd35-232d-1264-181aee0fbf91" executionId="63785ee2-991e-4bad-8b0c-f13c25f8f6a1" testListId="8c84fa94-04c1-424b-9868-57a2d4851a1d" />
    <TestEntry testId="a3f6783e-9066-cb09-858b-0aa0205911e3" executionId="6c0da346-349d-4cd2-9593-0757d4bbf77b" testListId="8c84fa94-04c1-424b-9868-57a2d4851a1d" />
    <TestEntry testId="e4e9119b-4add-3cce-2db1-5d02e8162915" executionId="42fde3a9-d0d4-4260-af96-0385ffae607c" testListId="8c84fa94-04c1-424b-9868-57a2d4851a1d" />
    <TestEntry testId="852b5aed-ed4a-a78b-c1f1-4faf4101a96f" executionId="7d1f9262-c666-4ba9-a626-0babeeceb7a1" testListId="8c84fa94-04c1-424b-9868-57a2d4851a1d" />
    <TestEntry testId="bc3d55cd-45cf-61e8-254d-bc9afbb11758" executionId="58ef5611-ac79-49ec-a7bd-dacaf0693f50" testListId="8c84fa94-04c1-424b-9868-57a2d4851a1d" />
    <TestEntry testId="5547062e-068d-1511-0ae1-6389b55ac87a" executionId="b361b577-36ed-4438-96ec-ac54ef485c78" testListId="8c84fa94-04c1-424b-9868-57a2d4851a1d" />
    <TestEntry testId="75be9087-90bc-9d64-95d0-3a6371fc99bc" executionId="7eddd606-1ea2-4a02-93cc-16d4f9c74ae0" testListId="8c84fa94-04c1-424b-9868-57a2d4851a1d" />
    <TestEntry testId="eee2bd2e-f20b-4080-d3bd-2218615d9c13" executionId="17c00a69-25e0-40dd-bff0-af4be322326b" testListId="8c84fa94-04c1-424b-9868-57a2d4851a1d" />
    <TestEntry testId="e925483c-c9e8-6efa-7117-8653764470d3" executionId="c2356d4f-2209-4525-8b83-e2ce39c5a8e8" testListId="8c84fa94-04c1-424b-9868-57a2d4851a1d" />
    <TestEntry testId="4520374a-9a95-6952-6f73-ee7f20c67aaa" executionId="6c17ffd2-2c42-4612-9a2b-690ee6578da6" testListId="8c84fa94-04c1-424b-9868-57a2d4851a1d" />
    <TestEntry testId="a2e71661-aec1-0017-370e-78b5e3b32e03" executionId="087910de-1f18-48b7-ac3e-2bf05fe21761" testListId="8c84fa94-04c1-424b-9868-57a2d4851a1d" />
    <TestEntry testId="60817443-3df2-a361-09bd-7aa48c30af98" executionId="e97f2e73-c264-4606-a042-25ef056fd671" testListId="8c84fa94-04c1-424b-9868-57a2d4851a1d" />
    <TestEntry testId="e2f19b67-071c-a70b-d2fb-3f99b1b4d649" executionId="a5614699-328f-42f8-9570-6ab958127d29" testListId="8c84fa94-04c1-424b-9868-57a2d4851a1d" />
    <TestEntry testId="76e4d7c4-6e0f-4382-e8c0-c779068e4396" executionId="524189eb-6ea4-472d-a5c9-5addc5f6d038" testListId="8c84fa94-04c1-424b-9868-57a2d4851a1d" />
    <TestEntry testId="a8d5e8aa-33ea-2d3c-6d9c-cd5d4962b501" executionId="eb334bd8-1d5d-4a22-be2b-489a8a5b3bd8" testListId="8c84fa94-04c1-424b-9868-57a2d4851a1d" />
    <TestEntry testId="f9a6312f-1aa1-7d12-f86a-629f98d324ef" executionId="589bc808-36ed-45f2-becf-10a810659f97" testListId="8c84fa94-04c1-424b-9868-57a2d4851a1d" />
    <TestEntry testId="da97c17c-4c8a-7941-cb9c-f798b775e68f" executionId="6a9472ce-d7eb-4ea3-81b3-27622c184224" testListId="8c84fa94-04c1-424b-9868-57a2d4851a1d" />
    <TestEntry testId="3205c2d2-b2ce-acb1-acfa-dc79b602dd4d" executionId="fb2bfa49-d7ee-41bc-a994-6f40ce5c932a" testListId="8c84fa94-04c1-424b-9868-57a2d4851a1d" />
    <TestEntry testId="caf4f587-a795-06ad-4596-401b65a22901" executionId="58077a81-9f28-4f97-9b13-4a31b4376c0c" testListId="8c84fa94-04c1-424b-9868-57a2d4851a1d" />
    <TestEntry testId="3b0dc5ed-f9c3-9c97-8948-47ce17940a4f" executionId="7af9af8f-5642-4c05-8a06-38a791460c37" testListId="8c84fa94-04c1-424b-9868-57a2d4851a1d" />
    <TestEntry testId="aec2c912-2384-95bd-1d83-01484bdc4a74" executionId="d36bd52a-6d49-4aa0-8905-ee74ea0d33be" testListId="8c84fa94-04c1-424b-9868-57a2d4851a1d" />
    <TestEntry testId="87e2a25b-009e-f908-99a9-480d913476af" executionId="6d975383-a9ec-4537-9980-462f3b27ea01" testListId="8c84fa94-04c1-424b-9868-57a2d4851a1d" />
    <TestEntry testId="ed56641b-0335-9f5c-82e9-d8ff3cdc20f7" executionId="fe956048-1aa6-4961-96bb-aefa3acd3fa0" testListId="8c84fa94-04c1-424b-9868-57a2d4851a1d" />
    <TestEntry testId="bf5d6cd9-cac0-7cc1-6563-32f230e14bd0" executionId="903a10ff-46bd-4e4c-98e1-0ad40a006293" testListId="8c84fa94-04c1-424b-9868-57a2d4851a1d" />
    <TestEntry testId="9a8df460-93a9-19e6-f56e-84cc4e44c04b" executionId="e4eb27ad-125c-439c-9d0c-5ffb0bbdce13" testListId="8c84fa94-04c1-424b-9868-57a2d4851a1d" />
    <TestEntry testId="f29a098f-3ae1-a5c0-a3e8-24b6dabf1621" executionId="ba35390f-a418-474e-aa6e-0c62e49f0429" testListId="8c84fa94-04c1-424b-9868-57a2d4851a1d" />
    <TestEntry testId="cae57150-3d0f-9360-215d-51ffdf47f041" executionId="0e7adf23-91c5-436d-ac43-160be65995bb" testListId="8c84fa94-04c1-424b-9868-57a2d4851a1d" />
    <TestEntry testId="c567a068-1a82-1c1a-34fa-a0a3e5177991" executionId="e5c95530-ca84-43b5-9846-077dce4e95fc" testListId="8c84fa94-04c1-424b-9868-57a2d4851a1d" />
    <TestEntry testId="4da7d2a9-cee9-3f5e-73ce-ea60c852e837" executionId="3bf80f5c-098f-4e8e-a694-636e690df960" testListId="8c84fa94-04c1-424b-9868-57a2d4851a1d" />
    <TestEntry testId="a303f09a-affe-e6f5-bae3-d4debe0cc3c5" executionId="4d4d36ae-9899-45da-9f74-8e91a323c5e5" testListId="8c84fa94-04c1-424b-9868-57a2d4851a1d" />
    <TestEntry testId="34211689-4db4-2093-4671-36b0e14fda75" executionId="da0a9762-f58d-423e-8768-10a1fcd5912e" testListId="8c84fa94-04c1-424b-9868-57a2d4851a1d" />
    <TestEntry testId="5038a34d-4c38-488f-d798-c6b2dfef4a45" executionId="955101cd-b55f-4048-9c82-75828f9908e1" testListId="8c84fa94-04c1-424b-9868-57a2d4851a1d" />
    <TestEntry testId="33f020a0-e6f6-51a6-a2b7-21de91f0b09e" executionId="500e3292-28b8-49a7-8a14-d85eb98ff2d9" testListId="8c84fa94-04c1-424b-9868-57a2d4851a1d" />
    <TestEntry testId="053debb7-ca57-baae-3a1c-6684a5c1f936" executionId="f2e8ce7d-4a3e-45e8-aafe-144456d00326" testListId="8c84fa94-04c1-424b-9868-57a2d4851a1d" />
    <TestEntry testId="1b5223b8-21b8-5520-7dc1-7611beb7fb39" executionId="36a6c3d6-61e7-40e9-9b4a-b57cedabb2c1" testListId="8c84fa94-04c1-424b-9868-57a2d4851a1d" />
    <TestEntry testId="2c45b6f6-969e-d59d-bea0-8925a92f9d7d" executionId="06f6c754-14ce-4efa-97b6-c2cbc4a7e0a5" testListId="8c84fa94-04c1-424b-9868-57a2d4851a1d" />
    <TestEntry testId="6e0969ea-f0cf-917e-2799-6b5cf75bc5a7" executionId="6636e864-d628-4bb7-8002-9875345c9c29" testListId="8c84fa94-04c1-424b-9868-57a2d4851a1d" />
    <TestEntry testId="e58aab80-8297-dd54-656e-9106e274337f" executionId="8f11719a-3c1c-43e0-a929-cb17678a9119" testListId="8c84fa94-04c1-424b-9868-57a2d4851a1d" />
    <TestEntry testId="095122ea-cb79-c8a8-ab6e-ac1095d2943b" executionId="1144118f-2bfa-42a4-ae81-3cf4cd9a6e2e" testListId="8c84fa94-04c1-424b-9868-57a2d4851a1d" />
    <TestEntry testId="7f3b5f34-4193-4d0f-04c2-099821063d2f" executionId="9e3b5889-35f4-4851-85a5-1a92e26166c8" testListId="8c84fa94-04c1-424b-9868-57a2d4851a1d" />
    <TestEntry testId="9ae72593-6589-1adb-7e3a-b7e829907eca" executionId="90237006-c3ef-4bfc-85a9-1bf6279b94f4" testListId="8c84fa94-04c1-424b-9868-57a2d4851a1d" />
    <TestEntry testId="c2a4a651-b867-c479-029a-7bcee636f0cd" executionId="358ec370-42ed-495d-9f9f-5b5659f5ac16" testListId="8c84fa94-04c1-424b-9868-57a2d4851a1d" />
    <TestEntry testId="89cf1908-8848-6044-7044-dd5559a84500" executionId="8ce096ac-631d-487c-a95b-8dcc5c6c6f8a" testListId="8c84fa94-04c1-424b-9868-57a2d4851a1d" />
    <TestEntry testId="7d8fe84d-a6b4-8fa4-03f0-78629c46135b" executionId="06384aa8-fcc1-4c31-b7a6-27cb3866b4fc" testListId="8c84fa94-04c1-424b-9868-57a2d4851a1d" />
    <TestEntry testId="fa88d41c-6e7e-0fd1-25d5-97b87ce00bdb" executionId="3d5cbec0-37f0-46b8-981b-bdfd0fb52333" testListId="8c84fa94-04c1-424b-9868-57a2d4851a1d" />
    <TestEntry testId="9b8ced71-cb05-c19c-5e5f-9a958f9379ff" executionId="7fda154a-060e-4a86-8448-0ceebe6a8156" testListId="8c84fa94-04c1-424b-9868-57a2d4851a1d" />
    <TestEntry testId="b098f0df-d3f6-c6f6-81e6-4c1e156376f0" executionId="75edc1ab-db83-4389-bce4-484faf52735c" testListId="8c84fa94-04c1-424b-9868-57a2d4851a1d" />
    <TestEntry testId="9de9d1c7-33d5-26b1-5474-2028ce8859ec" executionId="de6db1d3-4a30-4864-9893-1fe0e1a145fb" testListId="8c84fa94-04c1-424b-9868-57a2d4851a1d" />
    <TestEntry testId="98928ca4-0038-9194-597a-c4a265467f74" executionId="ba14e036-c5e6-4cd5-bf4e-07c516baa6f8" testListId="8c84fa94-04c1-424b-9868-57a2d4851a1d" />
    <TestEntry testId="1ea2ce74-3c8e-2f6a-401d-d82e199998b8" executionId="f78fca3e-2a43-493c-bcfb-42068eb9c51f" testListId="8c84fa94-04c1-424b-9868-57a2d4851a1d" />
    <TestEntry testId="6e72b6b3-7735-78f6-ad32-f8cf35918558" executionId="fb079293-5070-4524-b487-95a18acc6eca" testListId="8c84fa94-04c1-424b-9868-57a2d4851a1d" />
    <TestEntry testId="ebd7c6c7-4dfd-80b7-6bfd-8ba9bed06f0a" executionId="060a3733-3537-437f-85c0-4f5a44e2aa05" testListId="8c84fa94-04c1-424b-9868-57a2d4851a1d" />
    <TestEntry testId="360c5f87-3e1c-5b3b-87cc-202746a0d769" executionId="cc7f4f02-7589-4d26-abf2-5cf0bbfed5ff" testListId="8c84fa94-04c1-424b-9868-57a2d4851a1d" />
    <TestEntry testId="50f18cab-17b4-0352-32ff-08acb3758c16" executionId="07789371-258d-4dd3-a9f3-604c318fc837" testListId="8c84fa94-04c1-424b-9868-57a2d4851a1d" />
    <TestEntry testId="776e2abb-e166-5419-3a8f-3412168af6e8" executionId="78ed2031-3f2f-4a0f-81bd-d1037ccb29c7" testListId="8c84fa94-04c1-424b-9868-57a2d4851a1d" />
    <TestEntry testId="0b2a9da3-dd66-aefb-8a9d-823c6a2e4e7e" executionId="72dbafbc-4754-4218-b81b-32d32ae30cd5" testListId="8c84fa94-04c1-424b-9868-57a2d4851a1d" />
    <TestEntry testId="ec9622a9-c8d7-6f06-569c-8e7011b12316" executionId="3868b1ab-719a-41f3-90b0-9affc4b69aa2" testListId="8c84fa94-04c1-424b-9868-57a2d4851a1d" />
    <TestEntry testId="331bbf92-2fe2-df9a-3551-22f69bf3dcc2" executionId="249d8fcd-274b-4146-b2af-d2a84a13f03f" testListId="8c84fa94-04c1-424b-9868-57a2d4851a1d" />
    <TestEntry testId="be6fc37a-0990-bc22-f0bd-5e891a5e3e74" executionId="30bb0402-8148-4764-9dc6-51846bfd75fe" testListId="8c84fa94-04c1-424b-9868-57a2d4851a1d" />
    <TestEntry testId="f7732b1d-83dd-95f4-2616-c2adf4898608" executionId="439cd427-179a-4033-83e2-e2795f12c65e" testListId="8c84fa94-04c1-424b-9868-57a2d4851a1d" />
    <TestEntry testId="0eafa557-a3e0-dda2-b991-c4a09dfa3003" executionId="fa6f8b37-f363-41f8-a878-7d6433d99e25" testListId="8c84fa94-04c1-424b-9868-57a2d4851a1d" />
    <TestEntry testId="cc56723f-3182-881e-0cf9-db56c7cc9c61" executionId="09d5b7db-822d-405d-8ffe-391479cc515c" testListId="8c84fa94-04c1-424b-9868-57a2d4851a1d" />
    <TestEntry testId="208f421d-0daa-4a65-0005-9f68584f047d" executionId="1db876d6-56e4-44b2-bfd0-b168b0bb3b7f" testListId="8c84fa94-04c1-424b-9868-57a2d4851a1d" />
    <TestEntry testId="22401a04-73a4-04aa-86ef-2a7b2d96d2b5" executionId="7137e235-771a-4cd6-8739-c433cbfced1d" testListId="8c84fa94-04c1-424b-9868-57a2d4851a1d" />
    <TestEntry testId="645f56e3-548d-1872-c2ef-c2c0f3e6bd4c" executionId="5e307153-decc-4089-b601-1c0fe82988e8" testListId="8c84fa94-04c1-424b-9868-57a2d4851a1d" />
    <TestEntry testId="7b54532e-872f-6215-64b7-6cfcf70051b2" executionId="bb9adf02-7f41-4bef-a594-704e9a7bba86" testListId="8c84fa94-04c1-424b-9868-57a2d4851a1d" />
    <TestEntry testId="7e3a6384-1bfe-ec82-a164-d22275871633" executionId="b16556a4-bc5d-413b-9e40-64bd157d3c00" testListId="8c84fa94-04c1-424b-9868-57a2d4851a1d" />
    <TestEntry testId="3a1fb94b-1b34-18ac-8174-e86ee0531c16" executionId="b4e616e9-5969-40af-96e3-060422588a63" testListId="8c84fa94-04c1-424b-9868-57a2d4851a1d" />
    <TestEntry testId="1174fe31-11f9-c8b1-c45c-6652d913669d" executionId="0d2d63cc-82b9-4ee8-8463-0735cf75f43c" testListId="8c84fa94-04c1-424b-9868-57a2d4851a1d" />
    <TestEntry testId="a9ecba37-5f4e-bab4-8bfd-c049af4f01b7" executionId="6861868d-da4a-4687-8f11-03681e11081b" testListId="8c84fa94-04c1-424b-9868-57a2d4851a1d" />
    <TestEntry testId="f701b749-dc16-bcf3-eb6a-3450847c7919" executionId="f898c3c0-9e1b-4172-a1d4-3ea1c0378d82" testListId="8c84fa94-04c1-424b-9868-57a2d4851a1d" />
    <TestEntry testId="b7b17982-09cd-9f90-c05f-f115e43b74ad" executionId="bc7f8672-cd23-4d12-b10c-6c63b148bda9" testListId="8c84fa94-04c1-424b-9868-57a2d4851a1d" />
    <TestEntry testId="f6647a61-2dce-1f8d-ece9-64e456cba53f" executionId="2530661f-feee-439d-97a4-aa3b14ac8642" testListId="8c84fa94-04c1-424b-9868-57a2d4851a1d" />
    <TestEntry testId="15a5ea0c-a7b8-a2fa-cffc-096a7aa58e96" executionId="1637587b-5aa2-4820-a57f-71aa7937592e" testListId="8c84fa94-04c1-424b-9868-57a2d4851a1d" />
    <TestEntry testId="893eb550-ba98-c85e-8f1e-d48b56789217" executionId="c1a3239d-a097-4c9d-8746-4c19a48ae21c" testListId="8c84fa94-04c1-424b-9868-57a2d4851a1d" />
    <TestEntry testId="65f9f4be-71b6-c7ac-7ffe-e3cf47ae2461" executionId="a4b9d9a9-18cf-4de1-83a9-e68f55de73ff" testListId="8c84fa94-04c1-424b-9868-57a2d4851a1d" />
    <TestEntry testId="6ae7dcb3-c3e7-0ea4-d492-38dd11c41e63" executionId="d448a32d-9757-4738-b3ab-27c2c8ed6ec3" testListId="8c84fa94-04c1-424b-9868-57a2d4851a1d" />
    <TestEntry testId="d70e18ab-aa1a-e3f4-bb7e-ad646129ef17" executionId="b39284b5-ded6-4bcd-9ae5-77223b4fcbba" testListId="8c84fa94-04c1-424b-9868-57a2d4851a1d" />
    <TestEntry testId="f61923c5-1d64-e63c-de7c-58a63fc53f51" executionId="2b293369-d250-42ff-bab1-eb46cf71b5da" testListId="8c84fa94-04c1-424b-9868-57a2d4851a1d" />
    <TestEntry testId="44e9a0a2-d47f-6bd9-684e-1ceb907404d0" executionId="3b0703a7-45a2-4a59-aa04-da0640848b38" testListId="8c84fa94-04c1-424b-9868-57a2d4851a1d" />
    <TestEntry testId="88e74654-a11f-ec8a-c09d-74092c49f4e3" executionId="8a14e005-493b-483f-8523-71fccb6b4794" testListId="8c84fa94-04c1-424b-9868-57a2d4851a1d" />
    <TestEntry testId="9d787435-ac82-51c7-8d07-c821659adfd9" executionId="092e1007-ece1-4f8e-a8a9-aa4e6f184455" testListId="8c84fa94-04c1-424b-9868-57a2d4851a1d" />
    <TestEntry testId="1cd52cbe-2d11-9007-d0c1-cea0083016b2" executionId="dcfdd26e-f2a8-4aaf-a24d-dd6a6e5ebd7f" testListId="8c84fa94-04c1-424b-9868-57a2d4851a1d" />
  </TestEntries>
  <TestLists>
    <TestList name="Results Not in a List" id="8c84fa94-04c1-424b-9868-57a2d4851a1d" />
    <TestList name="All Loaded Results" id="19431567-8539-422a-85d7-44ee4e166bda" />
  </TestLists>
  <ResultSummary outcome="Completed">
    <Counters total="155" executed="155" passed="155" failed="0" error="0" timeout="0" aborted="0" inconclusive="0" passedButRunAborted="0" notRunnable="0" notExecuted="0" disconnected="0" warning="0" completed="0" inProgress="0" pending="0" />
    <Output>
      <StdOut>[xUnit.net 00:00:00.00] xUnit.net VSTest Adapter v2.8.2+699d445a1a (64-bit .NET 8.0.28)&#xD;
[xUnit.net 00:00:00.06]   Discovering: MonitorBrightnessController.Tests&#xD;
[xUnit.net 00:00:00.11]   Discovered:  MonitorBrightnessController.Tests&#xD;
[xUnit.net 00:00:00.11]   Starting:    MonitorBrightnessController.Tests&#xD;
[xUnit.net 00:00:57.93]   Finished:    MonitorBrightnessController.Tests&#xD;
</StdOut>
    </Output>
  </ResultSummary>
</TestRun>